2022-07-21T12:53:26.578385+08:00 - ok
2022-07-21T12:53:26.611707+08:00 - ok
2022-07-21T12:53:26.644015+08:00 - ok
2022-07-21T12:53:26.676803+08:00 - ok
2022-07-21T12:53:26.709191+08:00 - ok
2022-07-21T12:53:26.741830+08:00 - ok
2022-07-21T12:53:26.773375+08:00 - ok
2022-07-21T12:53:26.805203+08:00 - ok
2022-07-21T12:53:26.840591+08:00 - ok
2022-07-21T12:53:26.872145+08:00 - ok
2022-07-21T12:53:26.911670+08:00 - ok
2022-07-21T12:53:26.943434+08:00 - ok
2022-07-21T12:53:26.974716+08:00 - ok
2022-07-21T12:53:27.009037+08:00 - ok
2022-07-21T12:53:27.043370+08:00 - ok
2022-07-21T12:53:27.075080+08:00 - ok
2022-07-21T12:53:27.106764+08:00 - ok
2022-07-21T12:53:27.142079+08:00 - ok
2022-07-21T12:53:27.173693+08:00 - ok
2022-07-21T12:53:27.205840+08:00 - ok
2022-07-21T12:53:27.239051+08:00 - ok
2022-07-21T12:53:27.271154+08:00 - ok
2022-07-21T12:53:27.304574+08:00 - ok
2022-07-21T12:53:27.336613+08:00 - ok
2022-07-21T12:53:27.368548+08:00 - ok
2022-07-21T12:53:27.400509+08:00 - ok
2022-07-21T12:53:27.432680+08:00 - ok
2022-07-21T12:53:27.464849+08:00 - ok
2022-07-21T12:53:27.496533+08:00 - ok
2022-07-21T12:53:27.528352+08:00 - ok
2022-07-21T12:53:27.560290+08:00 - ok
2022-07-21T12:53:27.592080+08:00 - ok
2022-07-21T12:53:27.625516+08:00 - ok
2022-07-21T12:53:27.658871+08:00 - ok
2022-07-21T12:53:27.690672+08:00 - ok
2022-07-21T12:53:27.722249+08:00 - ok
2022-07-21T12:53:27.762793+08:00 - ok
2022-07-21T12:53:27.794885+08:00 - ok
2022-07-21T12:53:27.830865+08:00 - ok
2022-07-21T12:53:27.864825+08:00 - ok
2022-07-21T12:53:27.896835+08:00 - ok
2022-07-21T12:53:27.931775+08:00 - ok
2022-07-21T12:53:27.964598+08:00 - ok
2022-07-21T12:53:27.996521+08:00 - ok
2022-07-21T12:53:28.028357+08:00 - ok
2022-07-21T12:53:28.067378+08:00 - ok
2022-07-21T12:53:28.098940+08:00 - ok
2022-07-21T12:53:28.130671+08:00 - ok
2022-07-21T12:53:28.170249+08:00 - ok
2022-07-21T12:53:28.202048+08:00 - ok
2022-07-21T12:53:28.233841+08:00 - ok
2022-07-21T12:53:28.273559+08:00 - ok
2022-07-21T12:53:28.305395+08:00 - ok
2022-07-21T12:53:28.337175+08:00 - ok
2022-07-21T12:53:28.376499+08:00 - ok
2022-07-21T12:53:28.408222+08:00 - ok
2022-07-21T12:53:28.442414+08:00 - ok
2022-07-21T12:53:28.477905+08:00 - ok
2022-07-21T12:53:28.509418+08:00 - ok
2022-07-21T12:53:28.540879+08:00 - ok
2022-07-21T12:53:28.578691+08:00 - ok
2022-07-21T12:53:28.610336+08:00 - ok
2022-07-21T12:53:28.641690+08:00 - ok
2022-07-21T12:53:28.674135+08:00 - ok
2022-07-21T12:53:28.706697+08:00 - ok
2022-07-21T12:53:28.738863+08:00 - ok
2022-07-21T12:53:28.771988+08:00 - ok
2022-07-21T12:53:28.803442+08:00 - ok
2022-07-21T12:53:28.835185+08:00 - ok
2022-07-21T12:53:28.866580+08:00 - ok
2022-07-21T12:53:28.898150+08:00 - ok
2022-07-21T12:53:28.929912+08:00 - ok
2022-07-21T12:53:28.962213+08:00 - ok
2022-07-21T12:53:28.994312+08:00 - ok
2022-07-21T12:53:29.025871+08:00 - ok
2022-07-21T12:53:29.059849+08:00 - ok
2022-07-21T12:53:29.092017+08:00 - ok
2022-07-21T12:53:29.123522+08:00 - ok
2022-07-21T12:53:29.155131+08:00 - ok
2022-07-21T12:53:29.194962+08:00 - ok
2022-07-21T12:53:29.226873+08:00 - ok
2022-07-21T12:53:29.258339+08:00 - ok
2022-07-21T12:53:29.297042+08:00 - ok
2022-07-21T12:53:29.328382+08:00 - ok
2022-07-21T12:53:29.360535+08:00 - ok
2022-07-21T12:53:29.398645+08:00 - ok
2022-07-21T12:53:29.430509+08:00 - ok
2022-07-21T12:53:29.477932+08:00 - ok
2022-07-21T12:53:29.509348+08:00 - ok
2022-07-21T12:53:29.541031+08:00 - ok
2022-07-21T12:53:29.573047+08:00 - ok
2022-07-21T12:53:29.604719+08:00 - ok
2022-07-21T12:53:29.636174+08:00 - ok
2022-07-21T12:53:29.667696+08:00 - ok
2022-07-21T12:53:29.704301+08:00 - ok
2022-07-21T12:53:29.736896+08:00 - ok
2022-07-21T12:53:29.768392+08:00 - ok
2022-07-21T12:53:29.799997+08:00 - ok
2022-07-21T12:53:29.832163+08:00 - ok
2022-07-21T12:53:29.864229+08:00 - ok
2022-07-21T12:53:29.896835+08:00 - ok
2022-07-21T12:53:29.928554+08:00 - ok
2022-07-21T12:53:29.960268+08:00 - ok
2022-07-21T12:53:29.991815+08:00 - ok
2022-07-21T12:53:30.023468+08:00 - ok
2022-07-21T12:53:30.055138+08:00 - ok
2022-07-21T12:53:30.090254+08:00 - ok
2022-07-21T12:53:30.125644+08:00 - ok
2022-07-21T12:53:30.157303+08:00 - ok
2022-07-21T12:53:30.253749+08:00 - ok
2022-07-21T12:53:30.288211+08:00 - ok
2022-07-21T12:53:30.326451+08:00 - ok
2022-07-21T12:53:30.358621+08:00 - ok
2022-07-21T12:53:30.632852+08:00 - ok
2022-07-21T12:53:30.667818+08:00 - ok
2022-07-21T12:53:30.704203+08:00 - ok
2022-07-21T12:53:30.736174+08:00 - ok
2022-07-21T12:53:30.768090+08:00 - ok
2022-07-21T12:53:30.803871+08:00 - ok
2022-07-21T12:53:30.835698+08:00 - ok
2022-07-21T12:53:30.867165+08:00 - ok
2022-07-21T12:53:30.904518+08:00 - ok
2022-07-21T12:53:30.936430+08:00 - ok
2022-07-21T12:53:30.968283+08:00 - ok
2022-07-21T12:53:31.003549+08:00 - ok
2022-07-21T12:53:31.039855+08:00 - ok
2022-07-21T12:53:31.072650+08:00 - ok
2022-07-21T12:53:31.106873+08:00 - ok
2022-07-21T12:53:31.143637+08:00 - ok
2022-07-21T12:53:31.176297+08:00 - ok
2022-07-21T12:53:31.212165+08:00 - ok
2022-07-21T12:53:31.243927+08:00 - ok
2022-07-21T12:53:31.277716+08:00 - ok
2022-07-21T12:53:31.310343+08:00 - ok
2022-07-21T12:53:31.348453+08:00 - ok
2022-07-21T12:53:31.380647+08:00 - ok
2022-07-21T12:53:31.416978+08:00 - ok
2022-07-21T12:53:31.448911+08:00 - ok
2022-07-21T12:53:31.481491+08:00 - ok
2022-07-21T12:53:31.514732+08:00 - ok
2022-07-21T12:53:31.554776+08:00 - ok
2022-07-21T12:53:31.588210+08:00 - ok
2022-07-21T12:53:31.620752+08:00 - ok
2022-07-21T12:53:31.656288+08:00 - ok
2022-07-21T12:53:31.689404+08:00 - ok
2022-07-21T12:53:31.721888+08:00 - ok
2022-07-21T12:53:31.757178+08:00 - ok
2022-07-21T12:53:31.789279+08:00 - ok
2022-07-21T12:53:31.826056+08:00 - ok
2022-07-21T12:53:31.862504+08:00 - ok
2022-07-21T12:53:31.895114+08:00 - ok
2022-07-21T12:53:31.933448+08:00 - ok
2022-07-21T12:53:31.972660+08:00 - ok
2022-07-21T12:53:32.005287+08:00 - ok
2022-07-21T12:53:32.036977+08:00 - ok
2022-07-21T12:53:32.069610+08:00 - ok
2022-07-21T12:53:32.101607+08:00 - ok
2022-07-21T12:53:32.135043+08:00 - ok
2022-07-21T12:53:32.166668+08:00 - ok
2022-07-21T12:53:32.200237+08:00 - ok
2022-07-21T12:53:32.233045+08:00 - ok
2022-07-21T12:53:32.271340+08:00 - ok
2022-07-21T12:53:32.303103+08:00 - ok
2022-07-21T12:53:32.338258+08:00 - ok
2022-07-21T12:53:32.372520+08:00 - ok
2022-07-21T12:53:32.405596+08:00 - ok
2022-07-21T12:53:32.439492+08:00 - ok
2022-07-21T12:53:32.476351+08:00 - ok
2022-07-21T12:53:32.509747+08:00 - ok
2022-07-21T12:53:32.543338+08:00 - ok
2022-07-21T12:53:32.577949+08:00 - ok
2022-07-21T12:53:32.613951+08:00 - ok
2022-07-21T12:53:32.648455+08:00 - ok
2022-07-21T12:53:32.684676+08:00 - ok
2022-07-21T12:53:32.716648+08:00 - ok
2022-07-21T12:53:32.751026+08:00 - ok
2022-07-21T12:53:32.784928+08:00 - ok
2022-07-21T12:53:32.835038+08:00 - ok
2022-07-21T12:53:32.875348+08:00 - ok
2022-07-21T12:53:32.909541+08:00 - ok
2022-07-21T12:53:32.943847+08:00 - ok
2022-07-21T12:53:32.988078+08:00 - ok
2022-07-21T12:53:33.020019+08:00 - ok
2022-07-21T12:53:33.057858+08:00 - ok
2022-07-21T12:53:33.092725+08:00 - ok
2022-07-21T12:53:33.125338+08:00 - ok
2022-07-21T12:53:33.159672+08:00 - ok
2022-07-21T12:53:33.196384+08:00 - ok
2022-07-21T12:53:33.228925+08:00 - ok
2022-07-21T12:53:33.262035+08:00 - ok
2022-07-21T12:53:33.297725+08:00 - ok
2022-07-21T12:53:33.330381+08:00 - ok
2022-07-21T12:53:33.369195+08:00 - ok
2022-07-21T12:53:33.401266+08:00 - ok
2022-07-21T12:53:33.434150+08:00 - ok
2022-07-21T12:53:33.466885+08:00 - ok
2022-07-21T12:53:33.499466+08:00 - ok
2022-07-21T12:53:33.532115+08:00 - ok
2022-07-21T12:53:33.569158+08:00 - ok
2022-07-21T12:53:33.604582+08:00 - ok
2022-07-21T12:53:33.637340+08:00 - ok
2022-07-21T12:53:33.670716+08:00 - ok
2022-07-21T12:53:33.702887+08:00 - ok
2022-07-21T12:53:33.735399+08:00 - ok
2022-07-21T12:53:33.773926+08:00 - ok
2022-07-21T12:53:33.806740+08:00 - ok
2022-07-21T12:53:33.839494+08:00 - ok
2022-07-21T12:53:33.875429+08:00 - ok
2022-07-21T12:53:33.911978+08:00 - ok
2022-07-21T12:53:33.946368+08:00 - ok
2022-07-21T12:53:33.979256+08:00 - ok
2022-07-21T12:53:34.014512+08:00 - ok
2022-07-21T12:53:34.048715+08:00 - ok
2022-07-21T12:53:34.083476+08:00 - ok
2022-07-21T12:53:34.121004+08:00 - ok
2022-07-21T12:53:34.155339+08:00 - ok
2022-07-21T12:53:34.188079+08:00 - ok
2022-07-21T12:53:34.244691+08:00 - ok
2022-07-21T12:53:34.280899+08:00 - ok
2022-07-21T12:53:34.339698+08:00 - ok
2022-07-21T12:53:34.389876+08:00 - ok
2022-07-21T12:53:34.424890+08:00 - ok
2022-07-21T12:53:34.457845+08:00 - ok
2022-07-21T12:53:34.493783+08:00 - ok
2022-07-21T12:53:34.527423+08:00 - ok
2022-07-21T12:53:34.560674+08:00 - ok
2022-07-21T12:53:34.593485+08:00 - ok
2022-07-21T12:53:34.626073+08:00 - ok
2022-07-21T12:53:34.658077+08:00 - ok
2022-07-21T12:53:34.691388+08:00 - ok
2022-07-21T12:53:34.726282+08:00 - ok
2022-07-21T12:53:34.759199+08:00 - ok
2022-07-21T12:53:34.797698+08:00 - ok
2022-07-21T12:53:34.833555+08:00 - ok
2022-07-21T12:53:34.865050+08:00 - ok
2022-07-21T12:53:34.905803+08:00 - ok
2022-07-21T12:53:34.938085+08:00 - ok
2022-07-21T12:53:34.970533+08:00 - ok
2022-07-21T12:53:35.003441+08:00 - ok
2022-07-21T12:53:35.035046+08:00 - ok
2022-07-21T12:53:35.067091+08:00 - ok
2022-07-21T12:53:35.102131+08:00 - ok
2022-07-21T12:53:35.139378+08:00 - ok
2022-07-21T12:53:35.179772+08:00 - ok
2022-07-21T12:53:35.212934+08:00 - ok
2022-07-21T12:53:35.244388+08:00 - ok
2022-07-21T12:53:35.276587+08:00 - ok
2022-07-21T12:53:35.309423+08:00 - ok
2022-07-21T12:53:35.343468+08:00 - ok
2022-07-21T12:53:35.375428+08:00 - ok
2022-07-21T12:53:35.411643+08:00 - ok
2022-07-21T12:53:35.444841+08:00 - ok
2022-07-21T12:53:35.480541+08:00 - ok
2022-07-21T12:53:35.516227+08:00 - ok
2022-07-21T12:53:35.551122+08:00 - ok
2022-07-21T12:53:35.583543+08:00 - ok
2022-07-21T12:53:35.620256+08:00 - ok
2022-07-21T12:53:35.653353+08:00 - ok
2022-07-21T12:53:35.686634+08:00 - ok
2022-07-21T12:53:35.721122+08:00 - ok
2022-07-21T12:53:35.753391+08:00 - ok
2022-07-21T12:53:35.785846+08:00 - ok
2022-07-21T12:53:35.821397+08:00 - ok
2022-07-21T12:53:35.853736+08:00 - ok
2022-07-21T12:53:35.885885+08:00 - ok
2022-07-21T12:53:35.923354+08:00 - ok
2022-07-21T12:53:35.955414+08:00 - ok
2022-07-21T12:53:35.987870+08:00 - ok
2022-07-21T12:53:36.023472+08:00 - ok
2022-07-21T12:53:36.060235+08:00 - ok
2022-07-21T12:53:36.093728+08:00 - ok
2022-07-21T12:53:36.129014+08:00 - ok
2022-07-21T12:53:36.164889+08:00 - ok
2022-07-21T12:53:36.196489+08:00 - ok
2022-07-21T12:53:36.229981+08:00 - ok
2022-07-21T12:53:36.264143+08:00 - ok
2022-07-21T12:53:36.296749+08:00 - ok
2022-07-21T12:53:36.330267+08:00 - ok
2022-07-21T12:53:36.369955+08:00 - ok
2022-07-21T12:53:36.402342+08:00 - ok
2022-07-21T12:53:36.436998+08:00 - ok
2022-07-21T12:53:36.471339+08:00 - ok
2022-07-21T12:53:36.505580+08:00 - ok
2022-07-21T12:53:36.538238+08:00 - ok
2022-07-21T12:53:36.571900+08:00 - ok
2022-07-21T12:53:36.606997+08:00 - ok
2022-07-21T12:53:36.642458+08:00 - ok
2022-07-21T12:53:36.675300+08:00 - ok
2022-07-21T12:53:36.708113+08:00 - ok
2022-07-21T12:53:36.741523+08:00 - ok
2022-07-21T12:53:36.776517+08:00 - ok
2022-07-21T12:53:36.810745+08:00 - ok
2022-07-21T12:53:36.844410+08:00 - ok
2022-07-21T12:53:36.881564+08:00 - ok
2022-07-21T12:53:36.918055+08:00 - ok
2022-07-21T12:53:36.950863+08:00 - ok
2022-07-21T12:53:36.983426+08:00 - ok
2022-07-21T12:53:37.015474+08:00 - ok
2022-07-21T12:53:37.050656+08:00 - ok
2022-07-21T12:53:37.084720+08:00 - ok
2022-07-21T12:53:37.116805+08:00 - ok
2022-07-21T12:53:37.153916+08:00 - ok
2022-07-21T12:53:37.189444+08:00 - ok
2022-07-21T12:53:37.222667+08:00 - ok
2022-07-21T12:53:37.256001+08:00 - ok
2022-07-21T12:53:37.289146+08:00 - ok
2022-07-21T12:53:37.320905+08:00 - ok
2022-07-21T12:53:37.355387+08:00 - ok
2022-07-21T12:53:37.388860+08:00 - ok
2022-07-21T12:53:37.420648+08:00 - ok
2022-07-21T12:53:37.456261+08:00 - ok
2022-07-21T12:53:37.493752+08:00 - ok
2022-07-21T12:53:37.526413+08:00 - ok
2022-07-21T12:53:37.559042+08:00 - ok
2022-07-21T12:53:37.595534+08:00 - ok
2022-07-21T12:53:37.627605+08:00 - ok
2022-07-21T12:53:37.661417+08:00 - ok
2022-07-21T12:53:37.695095+08:00 - ok
2022-07-21T12:53:37.727070+08:00 - ok
2022-07-21T12:53:37.763639+08:00 - ok
2022-07-21T12:53:37.798453+08:00 - ok
2022-07-21T12:53:37.831067+08:00 - ok
2022-07-21T12:53:37.865634+08:00 - ok
2022-07-21T12:53:37.900093+08:00 - ok
2022-07-21T12:53:37.931968+08:00 - ok
2022-07-21T12:53:37.966611+08:00 - ok
2022-07-21T12:53:37.999203+08:00 - ok
2022-07-21T12:53:38.035157+08:00 - ok
2022-07-21T12:53:38.068886+08:00 - ok
2022-07-21T12:53:38.104803+08:00 - ok
2022-07-21T12:53:38.137258+08:00 - ok
2022-07-21T12:53:38.172673+08:00 - ok
2022-07-21T12:53:38.214894+08:00 - ok
2022-07-21T12:53:38.246903+08:00 - ok
2022-07-21T12:53:38.281493+08:00 - ok
2022-07-21T12:53:38.312965+08:00 - ok
2022-07-21T12:53:38.344636+08:00 - ok
2022-07-21T12:53:38.381281+08:00 - ok
2022-07-21T12:53:38.417822+08:00 - ok
2022-07-21T12:53:38.455373+08:00 - ok
2022-07-21T12:53:38.488057+08:00 - ok
2022-07-21T12:53:38.520303+08:00 - ok
2022-07-21T12:53:38.556487+08:00 - ok
2022-07-21T12:53:38.591748+08:00 - ok
2022-07-21T12:53:38.623237+08:00 - ok
2022-07-21T12:53:38.655616+08:00 - ok
2022-07-21T12:53:38.688525+08:00 - ok
2022-07-21T12:53:38.720305+08:00 - ok
2022-07-21T12:53:38.752322+08:00 - ok
2022-07-21T12:53:38.790852+08:00 - ok
2022-07-21T12:53:38.823012+08:00 - ok
2022-07-21T12:53:38.858145+08:00 - ok
2022-07-21T12:53:38.893223+08:00 - ok
2022-07-21T12:53:38.925398+08:00 - ok
2022-07-21T12:53:38.957376+08:00 - ok
2022-07-21T12:53:38.991199+08:00 - ok
2022-07-21T12:53:39.026897+08:00 - ok
2022-07-21T12:53:39.058977+08:00 - ok
2022-07-21T12:53:39.097428+08:00 - ok
2022-07-21T12:53:39.129823+08:00 - ok
2022-07-21T12:53:39.161741+08:00 - ok
2022-07-21T12:53:39.200495+08:00 - ok
2022-07-21T12:53:39.234353+08:00 - ok
2022-07-21T12:53:39.266370+08:00 - ok
2022-07-21T12:53:39.300082+08:00 - ok
2022-07-21T12:53:39.334060+08:00 - ok
2022-07-21T12:53:39.365566+08:00 - ok
2022-07-21T12:53:39.403703+08:00 - ok
2022-07-21T12:53:39.437986+08:00 - ok
2022-07-21T12:53:39.470146+08:00 - ok
2022-07-21T12:53:39.504344+08:00 - ok
2022-07-21T12:53:39.540633+08:00 - ok
2022-07-21T12:53:39.572835+08:00 - ok
2022-07-21T12:53:39.605562+08:00 - ok
2022-07-21T12:53:39.640228+08:00 - ok
2022-07-21T12:53:39.672195+08:00 - ok
2022-07-21T12:53:39.712627+08:00 - ok
2022-07-21T12:53:39.745656+08:00 - ok
2022-07-21T12:53:39.778454+08:00 - ok
2022-07-21T12:53:39.812519+08:00 - ok
2022-07-21T12:53:39.845249+08:00 - ok
2022-07-21T12:53:39.879879+08:00 - ok
2022-07-21T12:53:39.916673+08:00 - ok
2022-07-21T12:53:39.949303+08:00 - ok
2022-07-21T12:53:39.982545+08:00 - ok
2022-07-21T12:53:40.018107+08:00 - ok
2022-07-21T12:53:40.056451+08:00 - ok
2022-07-21T12:53:40.088571+08:00 - ok
2022-07-21T12:53:40.122212+08:00 - ok
2022-07-21T12:53:40.154455+08:00 - ok
2022-07-21T12:53:40.187106+08:00 - ok
2022-07-21T12:53:40.222189+08:00 - ok
2022-07-21T12:53:40.255843+08:00 - ok
2022-07-21T12:53:40.287912+08:00 - ok
2022-07-21T12:53:40.321680+08:00 - ok
2022-07-21T12:53:40.358472+08:00 - ok
2022-07-21T12:53:40.390741+08:00 - ok
2022-07-21T12:53:40.426321+08:00 - ok
2022-07-21T12:53:40.462930+08:00 - ok
2022-07-21T12:53:40.495778+08:00 - ok
2022-07-21T12:53:40.532242+08:00 - ok
2022-07-21T12:53:40.563667+08:00 - ok
2022-07-21T12:53:40.595297+08:00 - ok
2022-07-21T12:53:40.631032+08:00 - ok
2022-07-21T12:53:40.664316+08:00 - ok
2022-07-21T12:53:40.696041+08:00 - ok
2022-07-21T12:53:40.727229+08:00 - ok
2022-07-21T12:53:40.765318+08:00 - ok
2022-07-21T12:53:40.796827+08:00 - ok
2022-07-21T12:53:40.829390+08:00 - ok
2022-07-21T12:53:40.868727+08:00 - ok
2022-07-21T12:53:40.900290+08:00 - ok
2022-07-21T12:53:40.931936+08:00 - ok
2022-07-21T12:53:40.970374+08:00 - ok
2022-07-21T12:53:41.002324+08:00 - ok
2022-07-21T12:53:41.034164+08:00 - ok
2022-07-21T12:53:41.075013+08:00 - ok
2022-07-21T12:53:41.107313+08:00 - ok
2022-07-21T12:53:41.157150+08:00 - ok
2022-07-21T12:53:41.189144+08:00 - ok
2022-07-21T12:53:41.221369+08:00 - ok
2022-07-21T12:53:41.254823+08:00 - ok
2022-07-21T12:53:41.287021+08:00 - ok
2022-07-21T12:53:41.319078+08:00 - ok
2022-07-21T12:53:41.351435+08:00 - ok
2022-07-21T12:53:41.383310+08:00 - ok
2022-07-21T12:53:41.415385+08:00 - ok
2022-07-21T12:53:41.450977+08:00 - ok
2022-07-21T12:53:41.485867+08:00 - ok
2022-07-21T12:53:41.519430+08:00 - ok
2022-07-21T12:53:41.553662+08:00 - ok
2022-07-21T12:53:41.587154+08:00 - ok
2022-07-21T12:53:41.619168+08:00 - ok
2022-07-21T12:53:41.656402+08:00 - ok
2022-07-21T12:53:41.689016+08:00 - ok
2022-07-21T12:53:41.720676+08:00 - ok
2022-07-21T12:53:41.755394+08:00 - ok
2022-07-21T12:53:41.791716+08:00 - ok
2022-07-21T12:53:41.823206+08:00 - ok
2022-07-21T12:53:41.857722+08:00 - ok
2022-07-21T12:53:41.893411+08:00 - ok
2022-07-21T12:53:41.925412+08:00 - ok
2022-07-21T12:53:41.963023+08:00 - ok
2022-07-21T12:53:41.996293+08:00 - ok
2022-07-21T12:53:42.028133+08:00 - ok
2022-07-21T12:53:42.062678+08:00 - ok
2022-07-21T12:53:42.096646+08:00 - ok
2022-07-21T12:53:42.128473+08:00 - ok
2022-07-21T12:53:42.161017+08:00 - ok
2022-07-21T12:53:42.199087+08:00 - ok
2022-07-21T12:53:42.230438+08:00 - ok
2022-07-21T12:53:42.262089+08:00 - ok
2022-07-21T12:53:42.301515+08:00 - ok
2022-07-21T12:53:42.333527+08:00 - ok
2022-07-21T12:53:42.365286+08:00 - ok
2022-07-21T12:53:42.404783+08:00 - ok
2022-07-21T12:53:42.436364+08:00 - ok
2022-07-21T12:53:42.467866+08:00 - ok
2022-07-21T12:53:42.508099+08:00 - ok
2022-07-21T12:53:42.539916+08:00 - ok
2022-07-21T12:53:42.573895+08:00 - ok
2022-07-21T12:53:42.606989+08:00 - ok
2022-07-21T12:53:42.644316+08:00 - ok
2022-07-21T12:53:42.676530+08:00 - ok
2022-07-21T12:53:42.711023+08:00 - ok
2022-07-21T12:53:42.742577+08:00 - ok
2022-07-21T12:53:42.773968+08:00 - ok
2022-07-21T12:53:42.805591+08:00 - ok
2022-07-21T12:53:42.838438+08:00 - ok
2022-07-21T12:53:42.870275+08:00 - ok
2022-07-21T12:53:42.901682+08:00 - ok
2022-07-21T12:53:42.933403+08:00 - ok
2022-07-21T12:53:42.964784+08:00 - ok
2022-07-21T12:53:42.996357+08:00 - ok
2022-07-21T12:53:43.028223+08:00 - ok
2022-07-21T12:53:43.061603+08:00 - ok
2022-07-21T12:53:43.093597+08:00 - ok
2022-07-21T12:53:43.125316+08:00 - ok
2022-07-21T12:53:43.156936+08:00 - ok
2022-07-21T12:53:43.192307+08:00 - ok
2022-07-21T12:53:43.224026+08:00 - ok
2022-07-21T12:53:43.255474+08:00 - ok
2022-07-21T12:53:43.286945+08:00 - ok
2022-07-21T12:53:43.324342+08:00 - ok
2022-07-21T12:53:43.356182+08:00 - ok
2022-07-21T12:53:43.387654+08:00 - ok
2022-07-21T12:53:43.419618+08:00 - ok
2022-07-21T12:53:43.451160+08:00 - ok
2022-07-21T12:53:43.483087+08:00 - ok
2022-07-21T12:53:43.515011+08:00 - ok
2022-07-21T12:53:43.546886+08:00 - ok
2022-07-21T12:53:43.579041+08:00 - ok
2022-07-21T12:53:43.611167+08:00 - ok
2022-07-21T12:53:43.642889+08:00 - ok
2022-07-21T12:53:43.676875+08:00 - ok
2022-07-21T12:53:43.708437+08:00 - ok
2022-07-21T12:53:43.740937+08:00 - ok
2022-07-21T12:53:43.772513+08:00 - ok
2022-07-21T12:53:43.806137+08:00 - ok
2022-07-21T12:53:43.839837+08:00 - ok
2022-07-21T12:53:43.871728+08:00 - ok
2022-07-21T12:53:43.906336+08:00 - ok
2022-07-21T12:53:43.942975+08:00 - ok
2022-07-21T12:53:43.974947+08:00 - ok
2022-07-21T12:53:44.012274+08:00 - ok
2022-07-21T12:53:44.044098+08:00 - ok
2022-07-21T12:53:44.075798+08:00 - ok
2022-07-21T12:53:44.110523+08:00 - ok
2022-07-21T12:53:44.144156+08:00 - ok
2022-07-21T12:53:44.175952+08:00 - ok
2022-07-21T12:53:44.208114+08:00 - ok
2022-07-21T12:53:44.248124+08:00 - ok
2022-07-21T12:53:44.280115+08:00 - ok
2022-07-21T12:53:44.315489+08:00 - ok
2022-07-21T12:53:44.350230+08:00 - ok
2022-07-21T12:53:44.381739+08:00 - ok
2022-07-21T12:53:44.414146+08:00 - ok
2022-07-21T12:53:44.453383+08:00 - ok
2022-07-21T12:53:44.484872+08:00 - ok
2022-07-21T12:53:44.516472+08:00 - ok
2022-07-21T12:53:44.555832+08:00 - ok
2022-07-21T12:53:44.587685+08:00 - ok
2022-07-21T12:53:44.624942+08:00 - ok
2022-07-21T12:53:44.658938+08:00 - ok
2022-07-21T12:53:44.690307+08:00 - ok
2022-07-21T12:53:44.725107+08:00 - ok
2022-07-21T12:53:44.759362+08:00 - ok
2022-07-21T12:53:44.790848+08:00 - ok
2022-07-21T12:53:44.822752+08:00 - ok
2022-07-21T12:53:44.862197+08:00 - ok
2022-07-21T12:53:44.893976+08:00 - ok
2022-07-21T12:53:44.925714+08:00 - ok
2022-07-21T12:53:44.962427+08:00 - ok
2022-07-21T12:53:44.994659+08:00 - ok
2022-07-21T12:53:45.027227+08:00 - ok
2022-07-21T12:53:45.065234+08:00 - ok
2022-07-21T12:53:45.096691+08:00 - ok
2022-07-21T12:53:45.128226+08:00 - ok
2022-07-21T12:53:45.159697+08:00 - ok
2022-07-21T12:53:45.192150+08:00 - ok
2022-07-21T12:53:45.223718+08:00 - ok
2022-07-21T12:53:45.255301+08:00 - ok
2022-07-21T12:53:45.287687+08:00 - ok
2022-07-21T12:53:45.323348+08:00 - ok
2022-07-21T12:53:45.355518+08:00 - ok
2022-07-21T12:53:45.388615+08:00 - ok
2022-07-21T12:53:45.420976+08:00 - ok
2022-07-21T12:53:45.455647+08:00 - ok
2022-07-21T12:53:45.487699+08:00 - ok
2022-07-21T12:53:45.520105+08:00 - ok
2022-07-21T12:53:45.551938+08:00 - ok
2022-07-21T12:53:45.583783+08:00 - ok
2022-07-21T12:53:45.615704+08:00 - ok
2022-07-21T12:53:45.647575+08:00 - ok
2022-07-21T12:53:45.682078+08:00 - ok
2022-07-21T12:53:45.714948+08:00 - ok
2022-07-21T12:53:45.754172+08:00 - ok
2022-07-21T12:53:45.785691+08:00 - ok
2022-07-21T12:53:45.817088+08:00 - ok
2022-07-21T12:53:45.851002+08:00 - ok
2022-07-21T12:53:45.887300+08:00 - ok
2022-07-21T12:53:45.919205+08:00 - ok
2022-07-21T12:53:45.956115+08:00 - ok
2022-07-21T12:53:45.989729+08:00 - ok
2022-07-21T12:53:46.021518+08:00 - ok
2022-07-21T12:53:46.056839+08:00 - ok
2022-07-21T12:53:46.094038+08:00 - ok
2022-07-21T12:53:46.125663+08:00 - ok
2022-07-21T12:53:46.160696+08:00 - ok
2022-07-21T12:53:46.194752+08:00 - ok
2022-07-21T12:53:46.226913+08:00 - ok
2022-07-21T12:53:46.261729+08:00 - ok
2022-07-21T12:53:46.296454+08:00 - ok
2022-07-21T12:53:46.329591+08:00 - ok
2022-07-21T12:53:46.363062+08:00 - ok
2022-07-21T12:53:46.399593+08:00 - ok
2022-07-21T12:53:46.433727+08:00 - ok
2022-07-21T12:53:46.470537+08:00 - ok
2022-07-21T12:53:46.502226+08:00 - ok
2022-07-21T12:53:46.534712+08:00 - ok
2022-07-21T12:53:46.569318+08:00 - ok
2022-07-21T12:53:46.609219+08:00 - ok
2022-07-21T12:53:46.641256+08:00 - ok
2022-07-21T12:53:46.673337+08:00 - ok
2022-07-21T12:53:46.713706+08:00 - ok
2022-07-21T12:53:46.745379+08:00 - ok
2022-07-21T12:53:46.776931+08:00 - ok
2022-07-21T12:53:46.809549+08:00 - ok
2022-07-21T12:53:46.841962+08:00 - ok
2022-07-21T12:53:46.876473+08:00 - ok
2022-07-21T12:53:46.913616+08:00 - ok
2022-07-21T12:53:46.945813+08:00 - ok
2022-07-21T12:53:46.982940+08:00 - ok
2022-07-21T12:53:47.015476+08:00 - ok
2022-07-21T12:53:47.047185+08:00 - ok
2022-07-21T12:53:47.084848+08:00 - ok
2022-07-21T12:53:47.117782+08:00 - ok
2022-07-21T12:53:47.151725+08:00 - ok
2022-07-21T12:53:47.187433+08:00 - ok
2022-07-21T12:53:47.221644+08:00 - ok
2022-07-21T12:53:47.256507+08:00 - ok
2022-07-21T12:53:47.289965+08:00 - ok
2022-07-21T12:53:47.336245+08:00 - ok
2022-07-21T12:53:47.367946+08:00 - ok
2022-07-21T12:53:47.400029+08:00 - ok
2022-07-21T12:53:47.433009+08:00 - ok
2022-07-21T12:53:47.465389+08:00 - ok
2022-07-21T12:53:47.512916+08:00 - ok
2022-07-21T12:53:47.545173+08:00 - ok
2022-07-21T12:53:47.578546+08:00 - ok
2022-07-21T12:53:47.614673+08:00 - ok
2022-07-21T12:53:47.646735+08:00 - ok
2022-07-21T12:53:47.680299+08:00 - ok
2022-07-21T12:53:47.712624+08:00 - ok
2022-07-21T12:53:47.746992+08:00 - ok
2022-07-21T12:53:47.778953+08:00 - ok
2022-07-21T12:53:47.811191+08:00 - ok
2022-07-21T12:53:47.844923+08:00 - ok
2022-07-21T12:53:47.877442+08:00 - ok
2022-07-21T12:53:47.910206+08:00 - ok
2022-07-21T12:53:47.942294+08:00 - ok
2022-07-21T12:53:47.976133+08:00 - ok
2022-07-21T12:53:48.010386+08:00 - ok
2022-07-21T12:53:48.043119+08:00 - ok
2022-07-21T12:53:48.075037+08:00 - ok
2022-07-21T12:53:48.109162+08:00 - ok
2022-07-21T12:53:48.141244+08:00 - ok
2022-07-21T12:53:48.175158+08:00 - ok
2022-07-21T12:53:48.209880+08:00 - ok
2022-07-21T12:53:48.243005+08:00 - ok
2022-07-21T12:53:48.275130+08:00 - ok
2022-07-21T12:53:48.310982+08:00 - ok
2022-07-21T12:53:48.346806+08:00 - ok
2022-07-21T12:53:48.379281+08:00 - ok
2022-07-21T12:53:48.416849+08:00 - ok
2022-07-21T12:53:48.449002+08:00 - ok
2022-07-21T12:53:48.482052+08:00 - ok
2022-07-21T12:53:48.514793+08:00 - ok
2022-07-21T12:53:48.555664+08:00 - ok
2022-07-21T12:53:48.590632+08:00 - ok
2022-07-21T12:53:48.623255+08:00 - ok
2022-07-21T12:53:48.655147+08:00 - ok
2022-07-21T12:53:48.686892+08:00 - ok
2022-07-21T12:53:48.720189+08:00 - ok
2022-07-21T12:53:48.758040+08:00 - ok
2022-07-21T12:53:48.798237+08:00 - ok
2022-07-21T12:53:48.833386+08:00 - ok
2022-07-21T12:53:48.868975+08:00 - ok
2022-07-21T12:53:48.900691+08:00 - ok
2022-07-21T12:53:48.933416+08:00 - ok
2022-07-21T12:53:48.967397+08:00 - ok
2022-07-21T12:53:49.001535+08:00 - ok
2022-07-21T12:53:49.034637+08:00 - ok
2022-07-21T12:53:49.066253+08:00 - ok
2022-07-21T12:53:49.098641+08:00 - ok
2022-07-21T12:53:49.195846+08:00 - ok
2022-07-21T12:53:49.231278+08:00 - ok
2022-07-21T12:53:49.272130+08:00 - ok
2022-07-21T12:53:49.303765+08:00 - ok
2022-07-21T12:53:49.336916+08:00 - ok
2022-07-21T12:53:49.368773+08:00 - ok
2022-07-21T12:53:49.400165+08:00 - ok
2022-07-21T12:53:49.431850+08:00 - ok
2022-07-21T12:53:49.469819+08:00 - ok
2022-07-21T12:53:49.501578+08:00 - ok
2022-07-21T12:53:49.533205+08:00 - ok
2022-07-21T12:53:49.574515+08:00 - ok
2022-07-21T12:53:49.608609+08:00 - ok
2022-07-21T12:53:49.642231+08:00 - ok
2022-07-21T12:53:49.674893+08:00 - ok
2022-07-21T12:53:49.707784+08:00 - ok
2022-07-21T12:53:49.744050+08:00 - ok
2022-07-21T12:53:49.777345+08:00 - ok
2022-07-21T12:53:49.809489+08:00 - ok
2022-07-21T12:53:49.841332+08:00 - ok
2022-07-21T12:53:49.882716+08:00 - ok
2022-07-21T12:53:49.914339+08:00 - ok
2022-07-21T12:53:49.947038+08:00 - ok
2022-07-21T12:53:49.981555+08:00 - ok
2022-07-21T12:53:50.013010+08:00 - ok
2022-07-21T12:53:50.044442+08:00 - ok
2022-07-21T12:53:50.076533+08:00 - ok
2022-07-21T12:53:50.108914+08:00 - ok
2022-07-21T12:53:50.140796+08:00 - ok
2022-07-21T12:53:50.172735+08:00 - ok
2022-07-21T12:53:50.206038+08:00 - ok
2022-07-21T12:53:50.238077+08:00 - ok
2022-07-21T12:53:50.269571+08:00 - ok
2022-07-21T12:53:50.301265+08:00 - ok
2022-07-21T12:53:50.332599+08:00 - ok
2022-07-21T12:53:50.364699+08:00 - ok
2022-07-21T12:53:50.396257+08:00 - ok
2022-07-21T12:53:50.427687+08:00 - ok
2022-07-21T12:53:50.459713+08:00 - ok
2022-07-21T12:53:50.497631+08:00 - ok
2022-07-21T12:53:50.529838+08:00 - ok
2022-07-21T12:53:50.564292+08:00 - ok
2022-07-21T12:53:50.596167+08:00 - ok
2022-07-21T12:53:50.628176+08:00 - ok
2022-07-21T12:53:50.665644+08:00 - ok
2022-07-21T12:53:50.701865+08:00 - ok
2022-07-21T12:53:50.734495+08:00 - ok
2022-07-21T12:53:50.771887+08:00 - ok
2022-07-21T12:53:50.805544+08:00 - ok
2022-07-21T12:53:50.837590+08:00 - ok
2022-07-21T12:53:50.870064+08:00 - ok
2022-07-21T12:53:50.907960+08:00 - ok
2022-07-21T12:53:50.939762+08:00 - ok
2022-07-21T12:53:50.972832+08:00 - ok
2022-07-21T12:53:51.008319+08:00 - ok
2022-07-21T12:53:51.040435+08:00 - ok
2022-07-21T12:53:51.074978+08:00 - ok
2022-07-21T12:53:51.109239+08:00 - ok
2022-07-21T12:53:51.141312+08:00 - ok
2022-07-21T12:53:51.176699+08:00 - ok
2022-07-21T12:53:51.211904+08:00 - ok
2022-07-21T12:53:51.243430+08:00 - ok
2022-07-21T12:53:51.275014+08:00 - ok
2022-07-21T12:53:51.315217+08:00 - ok
2022-07-21T12:53:51.346657+08:00 - ok
2022-07-21T12:53:51.381966+08:00 - ok
2022-07-21T12:53:51.422155+08:00 - ok
2022-07-21T12:53:51.454853+08:00 - ok
2022-07-21T12:53:51.486998+08:00 - ok
2022-07-21T12:53:51.519949+08:00 - ok
2022-07-21T12:53:51.551773+08:00 - ok
2022-07-21T12:53:51.588896+08:00 - ok
2022-07-21T12:53:51.622110+08:00 - ok
2022-07-21T12:53:51.654650+08:00 - ok
2022-07-21T12:53:51.689719+08:00 - ok
2022-07-21T12:53:51.727125+08:00 - ok
2022-07-21T12:53:51.765655+08:00 - ok
2022-07-21T12:53:51.799497+08:00 - ok
2022-07-21T12:53:51.831235+08:00 - ok
2022-07-21T12:53:51.863725+08:00 - ok
2022-07-21T12:53:51.897688+08:00 - ok
2022-07-21T12:53:51.929863+08:00 - ok
2022-07-21T12:53:51.962746+08:00 - ok
2022-07-21T12:53:51.995171+08:00 - ok
2022-07-21T12:53:52.029552+08:00 - ok
2022-07-21T12:53:52.061102+08:00 - ok
2022-07-21T12:53:52.092775+08:00 - ok
2022-07-21T12:53:52.128229+08:00 - ok
2022-07-21T12:53:52.161128+08:00 - ok
2022-07-21T12:53:52.192810+08:00 - ok
2022-07-21T12:53:52.225956+08:00 - ok
2022-07-21T12:53:52.257971+08:00 - ok
2022-07-21T12:53:52.291025+08:00 - ok
2022-07-21T12:53:52.322656+08:00 - ok
2022-07-21T12:53:52.354251+08:00 - ok
2022-07-21T12:53:52.386755+08:00 - ok
2022-07-21T12:53:52.418973+08:00 - ok
2022-07-21T12:53:52.451144+08:00 - ok
2022-07-21T12:53:52.484470+08:00 - ok
2022-07-21T12:53:52.517190+08:00 - ok
2022-07-21T12:53:52.548735+08:00 - ok
2022-07-21T12:53:52.581900+08:00 - ok
2022-07-21T12:53:52.613637+08:00 - ok
2022-07-21T12:53:52.646664+08:00 - ok
2022-07-21T12:53:52.678228+08:00 - ok
2022-07-21T12:53:52.713057+08:00 - ok
2022-07-21T12:53:52.748305+08:00 - ok
2022-07-21T12:53:52.780554+08:00 - ok
2022-07-21T12:53:52.815711+08:00 - ok
2022-07-21T12:53:52.848199+08:00 - ok
2022-07-21T12:53:52.880915+08:00 - ok
2022-07-21T12:53:52.913267+08:00 - ok
2022-07-21T12:53:52.950895+08:00 - ok
2022-07-21T12:53:52.982554+08:00 - ok
2022-07-21T12:53:53.014067+08:00 - ok
2022-07-21T12:53:53.046107+08:00 - ok
2022-07-21T12:53:53.078858+08:00 - ok
2022-07-21T12:53:53.111184+08:00 - ok
2022-07-21T12:53:53.142921+08:00 - ok
2022-07-21T12:53:53.174906+08:00 - ok
2022-07-21T12:53:53.206963+08:00 - ok
2022-07-21T12:53:53.238413+08:00 - ok
2022-07-21T12:53:53.271141+08:00 - ok
2022-07-21T12:53:53.304540+08:00 - ok
2022-07-21T12:53:53.336939+08:00 - ok
2022-07-21T12:53:53.371836+08:00 - ok
2022-07-21T12:53:53.406173+08:00 - ok
2022-07-21T12:53:53.437958+08:00 - ok
2022-07-21T12:53:53.470163+08:00 - ok
2022-07-21T12:53:53.502165+08:00 - ok
2022-07-21T12:53:53.534839+08:00 - ok
2022-07-21T12:53:53.569011+08:00 - ok
2022-07-21T12:53:53.601877+08:00 - ok
2022-07-21T12:53:53.635325+08:00 - ok
2022-07-21T12:53:53.669975+08:00 - ok
2022-07-21T12:53:53.702007+08:00 - ok
2022-07-21T12:53:53.737031+08:00 - ok
2022-07-21T12:53:53.771481+08:00 - ok
2022-07-21T12:53:53.803942+08:00 - ok
2022-07-21T12:53:53.840286+08:00 - ok
2022-07-21T12:53:53.878733+08:00 - ok
2022-07-21T12:53:53.910751+08:00 - ok
2022-07-21T12:53:53.945807+08:00 - ok
2022-07-21T12:53:53.978994+08:00 - ok
2022-07-21T12:53:54.010487+08:00 - ok
2022-07-21T12:53:54.044459+08:00 - ok
2022-07-21T12:53:54.084490+08:00 - ok
2022-07-21T12:53:54.116338+08:00 - ok
2022-07-21T12:53:54.149019+08:00 - ok
2022-07-21T12:53:54.183331+08:00 - ok
2022-07-21T12:53:54.214971+08:00 - ok
2022-07-21T12:53:54.248879+08:00 - ok
2022-07-21T12:53:54.282773+08:00 - ok
2022-07-21T12:53:54.315113+08:00 - ok
2022-07-21T12:53:54.346698+08:00 - ok
2022-07-21T12:53:54.386087+08:00 - ok
2022-07-21T12:53:54.418535+08:00 - ok
2022-07-21T12:53:54.453556+08:00 - ok
2022-07-21T12:53:54.489829+08:00 - ok
2022-07-21T12:53:54.521367+08:00 - ok
2022-07-21T12:53:54.556672+08:00 - ok
2022-07-21T12:53:54.591327+08:00 - ok
2022-07-21T12:53:54.623565+08:00 - ok
2022-07-21T12:53:54.658479+08:00 - ok
2022-07-21T12:53:54.693317+08:00 - ok
2022-07-21T12:53:54.726157+08:00 - ok
2022-07-21T12:53:54.769720+08:00 - ok
2022-07-21T12:53:54.803494+08:00 - ok
2022-07-21T12:53:54.835679+08:00 - ok
2022-07-21T12:53:54.868560+08:00 - ok
2022-07-21T12:53:54.901682+08:00 - ok
2022-07-21T12:53:54.933323+08:00 - ok
2022-07-21T12:53:54.968786+08:00 - ok
2022-07-21T12:53:55.001265+08:00 - ok
2022-07-21T12:53:55.033703+08:00 - ok
2022-07-21T12:53:55.071650+08:00 - ok
2022-07-21T12:53:55.104372+08:00 - ok
2022-07-21T12:53:55.137036+08:00 - ok
2022-07-21T12:53:55.180109+08:00 - ok
2022-07-21T12:53:55.215381+08:00 - ok
2022-07-21T12:53:55.249091+08:00 - ok
2022-07-21T12:53:55.281085+08:00 - ok
2022-07-21T12:53:55.313140+08:00 - ok
2022-07-21T12:53:55.345149+08:00 - ok
2022-07-21T12:53:55.379483+08:00 - ok
2022-07-21T12:53:55.411871+08:00 - ok
2022-07-21T12:53:55.444588+08:00 - ok
2022-07-21T12:53:55.480547+08:00 - ok
2022-07-21T12:53:55.513007+08:00 - ok
2022-07-21T12:53:55.544957+08:00 - ok
2022-07-21T12:53:55.579785+08:00 - ok
2022-07-21T12:53:55.614068+08:00 - ok
2022-07-21T12:53:55.646073+08:00 - ok
2022-07-21T12:53:55.678236+08:00 - ok
2022-07-21T12:53:55.717170+08:00 - ok
2022-07-21T12:53:55.749038+08:00 - ok
2022-07-21T12:53:55.780633+08:00 - ok
2022-07-21T12:53:55.820762+08:00 - ok
2022-07-21T12:53:55.852787+08:00 - ok
2022-07-21T12:53:55.889815+08:00 - ok
2022-07-21T12:53:55.923200+08:00 - ok
2022-07-21T12:53:55.954819+08:00 - ok
2022-07-21T12:53:55.994708+08:00 - ok
2022-07-21T12:53:56.027098+08:00 - ok
2022-07-21T12:53:56.058852+08:00 - ok
2022-07-21T12:53:56.095079+08:00 - ok
2022-07-21T12:53:56.130594+08:00 - ok
2022-07-21T12:53:56.170007+08:00 - ok
2022-07-21T12:53:56.202614+08:00 - ok
2022-07-21T12:53:56.236138+08:00 - ok
2022-07-21T12:53:56.269071+08:00 - ok
2022-07-21T12:53:56.303847+08:00 - ok
2022-07-21T12:53:56.336586+08:00 - ok
2022-07-21T12:53:56.368635+08:00 - ok
2022-07-21T12:53:56.403333+08:00 - ok
2022-07-21T12:53:56.435997+08:00 - ok
2022-07-21T12:53:56.469994+08:00 - ok
2022-07-21T12:53:56.506845+08:00 - ok
2022-07-21T12:53:56.538723+08:00 - ok
2022-07-21T12:53:56.570933+08:00 - ok
2022-07-21T12:53:56.603391+08:00 - ok
2022-07-21T12:53:56.641908+08:00 - ok
2022-07-21T12:53:56.674496+08:00 - ok
2022-07-21T12:53:56.708458+08:00 - ok
2022-07-21T12:53:56.742597+08:00 - ok
2022-07-21T12:53:56.774989+08:00 - ok
2022-07-21T12:53:56.809282+08:00 - ok
2022-07-21T12:53:56.847279+08:00 - ok
2022-07-21T12:53:56.880329+08:00 - ok
2022-07-21T12:53:56.913105+08:00 - ok
2022-07-21T12:53:56.948876+08:00 - ok
2022-07-21T12:53:56.980864+08:00 - ok
2022-07-21T12:53:57.014969+08:00 - ok
2022-07-21T12:53:57.048531+08:00 - ok
2022-07-21T12:53:57.081165+08:00 - ok
2022-07-21T12:53:57.119206+08:00 - ok
2022-07-21T12:53:57.153318+08:00 - ok
2022-07-21T12:53:57.185458+08:00 - ok
2022-07-21T12:53:57.219610+08:00 - ok
2022-07-21T12:53:57.255610+08:00 - ok
2022-07-21T12:53:57.287557+08:00 - ok
2022-07-21T12:53:57.322917+08:00 - ok
2022-07-21T12:53:57.360191+08:00 - ok
2022-07-21T12:53:57.392968+08:00 - ok
2022-07-21T12:53:57.431235+08:00 - ok
2022-07-21T12:53:57.464592+08:00 - ok
2022-07-21T12:53:57.496471+08:00 - ok
2022-07-21T12:53:57.530645+08:00 - ok
2022-07-21T12:53:57.566370+08:00 - ok
2022-07-21T12:53:57.597757+08:00 - ok
2022-07-21T12:53:57.632122+08:00 - ok
2022-07-21T12:53:57.664520+08:00 - ok
2022-07-21T12:53:57.698297+08:00 - ok
2022-07-21T12:53:57.732021+08:00 - ok
2022-07-21T12:53:57.764674+08:00 - ok
2022-07-21T12:53:57.798693+08:00 - ok
2022-07-21T12:53:57.832169+08:00 - ok
2022-07-21T12:53:57.869498+08:00 - ok
2022-07-21T12:53:57.902953+08:00 - ok
2022-07-21T12:53:57.939142+08:00 - ok
2022-07-21T12:53:57.972711+08:00 - ok
2022-07-21T12:53:58.004516+08:00 - ok
2022-07-21T12:53:58.039465+08:00 - ok
2022-07-21T12:53:58.075078+08:00 - ok
2022-07-21T12:53:58.107325+08:00 - ok
2022-07-21T12:53:58.143116+08:00 - ok
2022-07-21T12:53:58.176396+08:00 - ok
2022-07-21T12:53:58.207983+08:00 - ok
2022-07-21T12:53:58.244162+08:00 - ok
2022-07-21T12:53:58.278544+08:00 - ok
2022-07-21T12:53:58.310446+08:00 - ok
2022-07-21T12:53:58.344602+08:00 - ok
2022-07-21T12:53:58.381158+08:00 - ok
2022-07-21T12:53:58.413348+08:00 - ok
2022-07-21T12:53:58.447832+08:00 - ok
2022-07-21T12:53:58.482998+08:00 - ok
2022-07-21T12:53:58.515608+08:00 - ok
2022-07-21T12:53:58.553089+08:00 - ok
2022-07-21T12:53:58.587177+08:00 - ok
2022-07-21T12:53:58.619314+08:00 - ok
2022-07-21T12:53:58.658100+08:00 - ok
2022-07-21T12:53:58.691325+08:00 - ok
2022-07-21T12:53:58.722979+08:00 - ok
2022-07-21T12:53:58.756085+08:00 - ok
2022-07-21T12:53:58.789770+08:00 - ok
2022-07-21T12:53:58.824078+08:00 - ok
2022-07-21T12:53:58.858032+08:00 - ok
2022-07-21T12:53:58.895722+08:00 - ok
2022-07-21T12:53:58.928984+08:00 - ok
2022-07-21T12:53:58.962474+08:00 - ok
2022-07-21T12:53:58.997647+08:00 - ok
2022-07-21T12:53:59.029555+08:00 - ok
2022-07-21T12:53:59.066382+08:00 - ok
2022-07-21T12:53:59.099658+08:00 - ok
2022-07-21T12:53:59.132249+08:00 - ok
2022-07-21T12:53:59.163598+08:00 - ok
2022-07-21T12:53:59.203486+08:00 - ok
2022-07-21T12:53:59.235607+08:00 - ok
2022-07-21T12:53:59.268118+08:00 - ok
2022-07-21T12:53:59.302235+08:00 - ok
2022-07-21T12:53:59.334666+08:00 - ok
2022-07-21T12:53:59.369530+08:00 - ok
2022-07-21T12:53:59.406240+08:00 - ok
2022-07-21T12:53:59.438007+08:00 - ok
2022-07-21T12:53:59.475615+08:00 - ok
2022-07-21T12:53:59.508405+08:00 - ok
2022-07-21T12:53:59.542420+08:00 - ok
2022-07-21T12:53:59.575866+08:00 - ok
2022-07-21T12:53:59.612375+08:00 - ok
2022-07-21T12:53:59.644806+08:00 - ok
2022-07-21T12:53:59.679368+08:00 - ok
2022-07-21T12:53:59.711518+08:00 - ok
2022-07-21T12:53:59.743618+08:00 - ok
2022-07-21T12:53:59.777391+08:00 - ok
2022-07-21T12:53:59.813461+08:00 - ok
2022-07-21T12:53:59.845270+08:00 - ok
2022-07-21T12:53:59.881882+08:00 - ok
2022-07-21T12:53:59.917276+08:00 - ok
2022-07-21T12:53:59.949008+08:00 - ok
2022-07-21T12:53:59.982849+08:00 - ok
2022-07-21T12:54:00.016181+08:00 - ok
2022-07-21T12:54:00.048795+08:00 - ok
2022-07-21T12:54:00.080624+08:00 - ok
2022-07-21T12:54:00.119154+08:00 - ok
2022-07-21T12:54:00.151232+08:00 - ok
2022-07-21T12:54:00.182818+08:00 - ok
2022-07-21T12:54:00.225722+08:00 - ok
2022-07-21T12:54:00.258438+08:00 - ok
2022-07-21T12:54:00.291693+08:00 - ok
2022-07-21T12:54:00.324040+08:00 - ok
2022-07-21T12:54:00.355541+08:00 - ok
2022-07-21T12:54:00.392099+08:00 - ok
2022-07-21T12:54:00.427438+08:00 - ok
2022-07-21T12:54:00.459254+08:00 - ok
2022-07-21T12:54:00.497632+08:00 - ok
2022-07-21T12:54:00.530959+08:00 - ok
2022-07-21T12:54:00.563026+08:00 - ok
2022-07-21T12:54:00.598332+08:00 - ok
2022-07-21T12:54:00.633278+08:00 - ok
2022-07-21T12:54:00.664827+08:00 - ok
2022-07-21T12:54:00.699356+08:00 - ok
2022-07-21T12:54:00.735375+08:00 - ok
2022-07-21T12:54:00.767440+08:00 - ok
2022-07-21T12:54:00.802086+08:00 - ok
2022-07-21T12:54:00.836493+08:00 - ok
2022-08-17T09:51:52.061380+08:00 - test exec
2022-08-17T10:27:35.949592+08:00 - test exec
2022-08-17T10:28:43.833215+08:00 - test exec, result is Ok(())
2022-08-17T10:40:27.147156+08:00 - elapsed: 1.487325197s
2022-08-17T12:42:28.610794+08:00 - "opt_append";elapsed: 798.452563ms
2022-08-17T12:50:08.627609+08:00 - "opt_append";elapsed: 1.196517106s
2022-08-17T12:50:10.133439+08:00 - "opt_bitop";elapsed: 1.505331431s
2022-08-17T12:50:10.328831+08:00 - "opt_decr_decrby";elapsed: 195.26131ms
2022-08-17T12:50:10.373591+08:00 - "opt_incr_incrby_incrbyfloat";elapsed: 44.634587ms
2022-08-17T12:50:10.470648+08:00 - "opt_mset_msetnx";elapsed: 96.914649ms
2022-08-17T12:50:11.146851+08:00 - "opt_pfadd";elapsed: 676.063845ms
2022-08-17T12:50:12.643503+08:00 - "opt_pfmerge";elapsed: 1.49646715s
2022-08-17T12:50:13.022659+08:00 - "opt_set_setnx";elapsed: 379.022503ms
2022-08-17T12:50:13.141770+08:00 - "opt_setbit";elapsed: 118.977403ms
2022-08-17T12:50:13.356483+08:00 - "opt_setrange";elapsed: 214.551567ms
2022-08-17T12:50:14.538503+08:00 - "opt_hincrby_hincrbyfloat";elapsed: 1.181832688s
2022-08-17T12:50:16.688916+08:00 - "opt_hset_hmset_hsetnx_hdel";elapsed: 2.150228669s
2022-08-17T12:50:17.065013+08:00 - "opt_lpush_lpop_lpushx_lset";elapsed: 375.961587ms
2022-08-17T12:50:17.840454+08:00 - "opt_lrem_ltrim_linsert";elapsed: 775.293488ms
2022-08-17T12:50:19.024897+08:00 - "opt_rpush_rpushx_rpop_rpoplpush";elapsed: 1.184284162s
2022-08-17T12:50:20.372136+08:00 - "opt_blpop_brpop_brpoplpush";elapsed: 1.347076517s
2022-08-17T12:50:23.584063+08:00 - "opt_sadd_smove_spop_srem";elapsed: 3.211712209s
2022-08-17T12:50:25.287868+08:00 - "opt_sdiffstore_sinertstore_sunionstore";elapsed: 1.703638352s
2022-08-17T12:52:28.268719+08:00 - "opt_append";elapsed: 779.507372ms
2022-08-17T12:52:28.953204+08:00 - "opt_bitop";elapsed: 684.349874ms
2022-08-17T12:52:29.051343+08:00 - "opt_decr_decrby";elapsed: 98.009878ms
2022-08-17T12:52:29.087510+08:00 - "opt_incr_incrby_incrbyfloat";elapsed: 36.041711ms
2022-08-17T12:52:29.143529+08:00 - "opt_mset_msetnx";elapsed: 55.896394ms
2022-08-17T12:52:29.550839+08:00 - "opt_pfadd";elapsed: 407.181695ms
2022-08-17T12:52:30.312012+08:00 - "opt_pfmerge";elapsed: 761.038751ms
2022-08-17T12:52:30.445036+08:00 - "opt_set_setnx";elapsed: 132.9096ms
2022-08-17T12:52:30.532337+08:00 - "opt_setbit";elapsed: 87.178084ms
2022-08-17T12:52:30.640128+08:00 - "opt_setrange";elapsed: 107.666419ms
2022-08-17T12:52:31.435941+08:00 - "opt_hincrby_hincrbyfloat";elapsed: 795.672908ms
2022-08-17T12:52:32.465273+08:00 - "opt_hset_hmset_hsetnx_hdel";elapsed: 1.02917704s
2022-08-17T12:52:32.825751+08:00 - "opt_lpush_lpop_lpushx_lset";elapsed: 360.334679ms
2022-08-17T12:52:33.350630+08:00 - "opt_lrem_ltrim_linsert";elapsed: 524.725267ms
2022-08-17T12:52:33.837018+08:00 - "opt_rpush_rpushx_rpop_rpoplpush";elapsed: 486.233111ms
2022-08-17T12:52:34.474804+08:00 - "opt_blpop_brpop_brpoplpush";elapsed: 637.655542ms
2022-08-17T12:52:35.958908+08:00 - "opt_sadd_smove_spop_srem";elapsed: 1.48391483s
2022-08-17T12:52:36.942245+08:00 - "opt_sdiffstore_sinertstore_sunionstore";elapsed: 983.169326ms
2022-08-17T12:52:38.342770+08:00 - "opt_zadd_zincrby_zerm";elapsed: 1.400369856s
2022-08-17T12:52:39.504868+08:00 - "opt_zpopmax_zpopmin";elapsed: 1.161954476s
2022-08-17T14:33:56.002133+08:00 - "opt_append";elapsed: 813.298846ms
2022-08-17T14:33:56.706113+08:00 - "opt_bitop";elapsed: 703.056989ms
2022-08-17T14:33:56.817151+08:00 - "opt_decr_decrby";elapsed: 110.906515ms
2022-08-17T14:33:56.859909+08:00 - "opt_incr_incrby_incrbyfloat";elapsed: 42.639207ms
2022-08-17T14:33:56.901270+08:00 - "opt_mset_msetnx";elapsed: 41.245259ms
2022-08-17T14:33:57.283498+08:00 - "opt_pfadd";elapsed: 382.100719ms
2022-08-17T14:33:58.114676+08:00 - "opt_pfmerge";elapsed: 831.026956ms
2022-08-17T14:33:58.257507+08:00 - "opt_set_setnx";elapsed: 142.71142ms
2022-08-17T14:33:58.345756+08:00 - "opt_setbit";elapsed: 88.124321ms
2022-08-17T14:33:58.474339+08:00 - "opt_setrange";elapsed: 128.456543ms
2022-08-17T14:33:59.222390+08:00 - "opt_hincrby_hincrbyfloat";elapsed: 747.908912ms
2022-08-17T14:34:00.243330+08:00 - "opt_hset_hmset_hsetnx_hdel";elapsed: 1.020772753s
2022-08-17T14:34:00.624050+08:00 - "opt_lpush_lpop_lpushx_lset";elapsed: 380.582697ms
2022-08-17T14:34:01.152266+08:00 - "opt_lrem_ltrim_linsert";elapsed: 528.072244ms
2022-08-17T14:34:01.702731+08:00 - "opt_rpush_rpushx_rpop_rpoplpush";elapsed: 550.324518ms
2022-08-17T14:34:02.468637+08:00 - "opt_blpop_brpop_brpoplpush";elapsed: 765.750116ms
2022-08-17T14:34:04.064983+08:00 - "opt_sadd_smove_spop_srem";elapsed: 1.596188743s
2022-08-17T14:34:05.122963+08:00 - "opt_sdiffstore_sinertstore_sunionstore";elapsed: 1.057824904s
2022-08-17T14:34:06.630619+08:00 - "opt_zadd_zincrby_zerm";elapsed: 1.507463481s
2022-08-17T14:34:07.607001+08:00 - "opt_zpopmax_zpopmin";elapsed: 976.223076ms
2022-08-17T14:34:09.037019+08:00 - "opt_zremrangebylex_zremrangebyrank_zermrangebyscore";elapsed: 1.429865144s
2022-08-17T14:34:10.498501+08:00 - "opt_zunionstore_zinterstore";elapsed: 1.461292474s
2022-08-17T14:34:38.268138+08:00 - "opt_append";elapsed: 743.466547ms
2022-08-17T14:34:38.943419+08:00 - "opt_bitop";elapsed: 675.146602ms
2022-08-17T14:34:39.054291+08:00 - "opt_decr_decrby";elapsed: 110.748224ms
2022-08-17T14:34:39.086619+08:00 - "opt_incr_incrby_incrbyfloat";elapsed: 32.197038ms
2022-08-17T14:34:39.121500+08:00 - "opt_mset_msetnx";elapsed: 34.734519ms
2022-08-17T14:34:39.517073+08:00 - "opt_pfadd";elapsed: 395.432961ms
2022-08-17T14:34:40.318727+08:00 - "opt_pfmerge";elapsed: 801.504702ms
2022-08-17T14:34:40.472526+08:00 - "opt_set_setnx";elapsed: 153.679451ms
2022-08-17T14:34:40.552594+08:00 - "opt_setbit";elapsed: 79.940892ms
2022-08-17T14:34:40.658898+08:00 - "opt_setrange";elapsed: 106.171324ms
2022-08-17T14:34:41.406458+08:00 - "opt_hincrby_hincrbyfloat";elapsed: 747.403236ms
2022-08-17T14:34:42.387828+08:00 - "opt_hset_hmset_hsetnx_hdel";elapsed: 981.215448ms
2022-08-17T14:34:42.752095+08:00 - "opt_lpush_lpop_lpushx_lset";elapsed: 364.125116ms
2022-08-17T14:34:43.272134+08:00 - "opt_lrem_ltrim_linsert";elapsed: 519.884536ms
2022-08-17T14:34:43.859532+08:00 - "opt_rpush_rpushx_rpop_rpoplpush";elapsed: 587.258128ms
2022-08-17T14:34:44.628318+08:00 - "opt_blpop_brpop_brpoplpush";elapsed: 768.651176ms
2022-08-17T14:34:46.074036+08:00 - "opt_sadd_smove_spop_srem";elapsed: 1.445554139s
2022-08-17T14:34:47.077707+08:00 - "opt_sdiffstore_sinertstore_sunionstore";elapsed: 1.003429539s
2022-08-17T14:34:48.545556+08:00 - "opt_zadd_zincrby_zerm";elapsed: 1.467649063s
2022-08-17T14:34:49.403312+08:00 - "opt_zpopmax_zpopmin";elapsed: 857.596353ms
2022-08-17T14:34:51.092170+08:00 - "opt_zremrangebylex_zremrangebyrank_zermrangebyscore";elapsed: 1.68865307s
2022-08-17T14:34:53.076968+08:00 - "opt_zunionstore_zinterstore";elapsed: 1.984584568s
2022-08-17T14:47:49.322133+08:00 - "opt_append";elapsed: 827.973105ms
2022-08-17T14:47:50.061072+08:00 - "opt_bitop";elapsed: 738.802412ms
2022-08-17T14:47:50.198657+08:00 - "opt_decr_decrby";elapsed: 137.465911ms
2022-08-17T14:47:50.236857+08:00 - "opt_incr_incrby_incrbyfloat";elapsed: 38.065527ms
2022-08-17T14:47:50.270020+08:00 - "opt_mset_msetnx";elapsed: 33.05347ms
2022-08-17T14:47:50.681327+08:00 - "opt_pfadd";elapsed: 411.194533ms
2022-08-17T14:47:51.457760+08:00 - "opt_pfmerge";elapsed: 776.314557ms
2022-08-17T14:47:51.623643+08:00 - "opt_set_setnx";elapsed: 165.773021ms
2022-08-17T14:47:51.694755+08:00 - "opt_setbit";elapsed: 70.999589ms
2022-08-17T14:47:51.810317+08:00 - "opt_setrange";elapsed: 115.446104ms
2022-08-17T14:47:52.736536+08:00 - "opt_hincrby_hincrbyfloat";elapsed: 926.071566ms
2022-08-17T14:47:53.772455+08:00 - "opt_hset_hmset_hsetnx_hdel";elapsed: 1.035791024s
2022-08-17T14:47:54.210900+08:00 - "opt_lpush_lpop_lpushx_lset";elapsed: 438.319895ms
2022-08-17T14:47:54.775343+08:00 - "opt_lrem_ltrim_linsert";elapsed: 564.328673ms
2022-08-17T14:47:55.412162+08:00 - "opt_rpush_rpushx_rpop_rpoplpush";elapsed: 636.68356ms
2022-08-17T14:47:56.289359+08:00 - "opt_blpop_brpop_brpoplpush";elapsed: 877.035344ms
2022-08-17T14:47:57.956786+08:00 - "opt_sadd_smove_spop_srem";elapsed: 1.667291275s
2022-08-17T14:47:59.063352+08:00 - "opt_sdiffstore_sinertstore_sunionstore";elapsed: 1.106419187s
2022-08-17T14:48:00.649560+08:00 - "opt_zadd_zincrby_zerm";elapsed: 1.586046409s
2022-08-17T14:48:02.716057+08:00 - "opt_zpopmax_zpopmin";elapsed: 2.066326635s
2022-08-17T14:48:04.198537+08:00 - "opt_zremrangebylex_zremrangebyrank_zermrangebyscore";elapsed: 1.482332086s
2022-08-17T14:48:05.601402+08:00 - "opt_zunionstore_zinterstore";elapsed: 1.402713867s
2022-08-17T14:49:08.653697+08:00 - "opt_append";elapsed: 855.412948ms
2022-08-17T14:49:09.362179+08:00 - "opt_bitop";elapsed: 708.332094ms
2022-08-17T14:49:09.499604+08:00 - "opt_decr_decrby";elapsed: 137.296615ms
2022-08-17T14:49:09.552422+08:00 - "opt_incr_incrby_incrbyfloat";elapsed: 52.693085ms
2022-08-17T14:49:09.599268+08:00 - "opt_mset_msetnx";elapsed: 46.718762ms
2022-08-17T14:49:10.071513+08:00 - "opt_pfadd";elapsed: 472.091885ms
2022-08-17T14:49:11.027553+08:00 - "opt_pfmerge";elapsed: 955.894857ms
2022-08-17T14:49:11.235992+08:00 - "opt_set_setnx";elapsed: 208.309703ms
2022-08-17T14:49:11.311908+08:00 - "opt_setbit";elapsed: 75.778764ms
2022-08-17T14:49:11.430558+08:00 - "opt_setrange";elapsed: 118.520614ms
2022-08-17T14:49:12.363655+08:00 - "opt_hincrby_hincrbyfloat";elapsed: 932.932152ms
2022-08-17T14:49:13.647183+08:00 - "opt_hset_hmset_hsetnx_hdel";elapsed: 1.283374285s
2022-08-17T14:49:14.037215+08:00 - "opt_lpush_lpop_lpushx_lset";elapsed: 389.895144ms
2022-08-17T14:49:14.829498+08:00 - "opt_lrem_ltrim_linsert";elapsed: 792.111158ms
2022-08-17T14:49:15.463857+08:00 - "opt_rpush_rpushx_rpop_rpoplpush";elapsed: 634.212002ms
2022-08-17T14:49:16.627795+08:00 - "opt_blpop_brpop_brpoplpush";elapsed: 1.163739228s
2022-08-17T14:49:18.387751+08:00 - "opt_sadd_smove_spop_srem";elapsed: 1.759758083s
2022-08-17T14:49:19.515962+08:00 - "opt_sdiffstore_sinertstore_sunionstore";elapsed: 1.128027136s
2022-08-17T14:49:21.445736+08:00 - "opt_zadd_zincrby_zerm";elapsed: 1.929599454s
2022-08-17T14:49:22.312688+08:00 - "opt_zpopmax_zpopmin";elapsed: 866.804191ms
2022-08-17T14:49:24.013216+08:00 - "opt_zremrangebylex_zremrangebyrank_zermrangebyscore";elapsed: 1.700361235s
2022-08-17T14:49:25.392214+08:00 - "opt_zunionstore_zinterstore";elapsed: 1.378847979s
2022-08-17T15:04:02.762110+08:00 - ExecuteResult { OptType: OPT_APPEND, Result: Ok(()), DB: 0 };elapsed: 775.817043ms
2022-08-17T15:04:03.486162+08:00 - ExecuteResult { OptType: OPT_BITOP, Result: Ok(()), DB: 0 };elapsed: 723.864695ms
2022-08-17T15:04:03.595438+08:00 - ExecuteResult { OptType: OPT_DECR_DECRBY, Result: Ok(()), DB: 0 };elapsed: 109.132965ms
2022-08-17T15:04:03.633018+08:00 - ExecuteResult { OptType: OPT_INCR_INCRBY_INCRBYFLOAT, Result: Err(An error was signalled by the server: syntax error), DB: 0 };elapsed: 37.467936ms
2022-08-17T15:04:03.664689+08:00 - ExecuteResult { OptType: OPT_MSET_MSETNX, Result: Err(An error was signalled by the server: wrong number of arguments for 'msetnx' command), DB: 0 };elapsed: 31.552865ms
2022-08-17T15:04:04.099919+08:00 - ExecuteResult { OptType: OPT_PFADD, Result: Ok(()), DB: 0 };elapsed: 435.091986ms
2022-08-17T15:04:04.961523+08:00 - ExecuteResult { OptType: OPT_PFMERGE, Result: Ok(()), DB: 0 };elapsed: 861.465844ms
2022-08-17T15:04:05.106881+08:00 - ExecuteResult { OptType: OPT_SET_SETNX, Result: Ok(()), DB: 0 };elapsed: 145.236728ms
2022-08-17T15:04:05.181787+08:00 - ExecuteResult { OptType: OPT_SETBIT, Result: Ok(()), DB: 0 };elapsed: 74.773655ms
2022-08-17T15:04:05.297613+08:00 - ExecuteResult { OptType: OPT_SETRANGE, Result: Ok(()), DB: 0 };elapsed: 115.706233ms
2022-08-17T15:04:06.082043+08:00 - ExecuteResult { OptType: OPT_HINCRBY_HINCRBYFLOAT, Result: Ok(()), DB: 0 };elapsed: 784.293715ms
2022-08-17T15:04:07.109760+08:00 - ExecuteResult { OptType: OPT_HSET_HMSET_HSETNX_HDEL, Result: Ok(()), DB: 0 };elapsed: 1.027574987s
2022-08-17T15:04:07.484222+08:00 - ExecuteResult { OptType: OPT_LPUSH_LPOP_LPUSHX_LSET, Result: Ok(()), DB: 0 };elapsed: 374.350422ms
2022-08-17T15:04:08.054822+08:00 - ExecuteResult { OptType: OPT_LREM_LTRIM_LINSERT, Result: Ok(()), DB: 0 };elapsed: 570.452807ms
2022-08-17T15:04:09.206213+08:00 - ExecuteResult { OptType: OPT_RPUSH_RPUSHX_RPOP_RPOPLPUSH, Result: Ok(()), DB: 0 };elapsed: 1.151241089s
2022-08-17T15:04:12.723541+08:00 - ExecuteResult { OptType: OPT_BLPOP_BRPOP_BRPOPLPUSH, Result: Ok(()), DB: 0 };elapsed: 3.517086066s
2022-08-17T15:04:21.657153+08:00 - ExecuteResult { OptType: OPT_SADD_SMOVE_SPOP_SREM, Result: Err(An error was signalled by the server: wrong number of arguments for 'smove' command), DB: 0 };elapsed: 8.933183717s
2022-08-17T15:04:32.150493+08:00 - ExecuteResult { OptType: OPT_SDIFFSTORE_SINERTSTORE_SUNIONSTORE, Result: Ok(()), DB: 0 };elapsed: 10.492911717s
2022-08-17T15:04:34.063702+08:00 - ExecuteResult { OptType: OPT_ZADD_ZINCRBY_ZERM, Result: Ok(()), DB: 0 };elapsed: 1.913024558s
2022-08-17T15:04:35.080783+08:00 - ExecuteResult { OptType: OPT_ZPOPMAX_ZPOPMIN, Result: Err(An error was signalled by the server: unknown command `zpopmax`, with args beginning with: `zpopmax_ro4Z`, `8`, ), DB: 0 };elapsed: 1.016934156s
2022-08-17T15:04:36.574018+08:00 - ExecuteResult { OptType: OPT_ZREMRANGEBYLEX_ZREMRANGEBYRANK_ZERMRANGEBYSCORE, Result: Ok(()), DB: 0 };elapsed: 1.493070525s
2022-08-17T15:04:38.201032+08:00 - ExecuteResult { OptType: OPT_ZUNIONSTORE_ZINTERSTORE, Result: Ok(()), DB: 0 };elapsed: 1.626842436s
2022-08-17T15:55:08.455892+08:00 - ExecuteResult { OptType: OPT_APPEND, Result: Ok(()), DB: 0 };elapsed: 803.24051ms
2022-08-17T15:55:09.130371+08:00 - ExecuteResult { OptType: OPT_BITOP, Result: Ok(()), DB: 0 };elapsed: 673.966637ms
2022-08-17T15:55:09.221525+08:00 - ExecuteResult { OptType: OPT_DECR_DECRBY, Result: Ok(()), DB: 0 };elapsed: 91.02735ms
2022-08-17T15:55:09.255443+08:00 - ExecuteResult { OptType: OPT_INCR_INCRBY_INCRBYFLOAT, Result: Err(An error was signalled by the server: syntax error), DB: 0 };elapsed: 33.785235ms
2022-08-17T15:55:09.289587+08:00 - ExecuteResult { OptType: OPT_MSET_MSETNX, Result: Err(An error was signalled by the server: wrong number of arguments for 'msetnx' command), DB: 0 };elapsed: 34.007605ms
2022-08-17T15:55:09.669363+08:00 - ExecuteResult { OptType: OPT_PFADD, Result: Ok(()), DB: 0 };elapsed: 379.648218ms
2022-08-17T15:55:10.360273+08:00 - ExecuteResult { OptType: OPT_PFMERGE, Result: Ok(()), DB: 0 };elapsed: 690.770354ms
2022-08-17T15:55:10.499346+08:00 - ExecuteResult { OptType: OPT_SET_SETNX, Result: Ok(()), DB: 0 };elapsed: 138.943365ms
2022-08-17T15:55:10.573219+08:00 - ExecuteResult { OptType: OPT_SETBIT, Result: Ok(()), DB: 0 };elapsed: 73.747588ms
2022-08-17T15:55:10.672+08:00 - ExecuteResult { OptType: OPT_SETRANGE, Result: Ok(()), DB: 0 };elapsed: 98.662543ms
2022-08-17T15:55:11.416524+08:00 - ExecuteResult { OptType: OPT_HINCRBY_HINCRBYFLOAT, Result: Ok(()), DB: 0 };elapsed: 744.37433ms
2022-08-17T15:55:12.418447+08:00 - ExecuteResult { OptType: OPT_HSET_HMSET_HSETNX_HDEL, Result: Ok(()), DB: 0 };elapsed: 1.001771898s
2022-08-17T15:55:12.722941+08:00 - ExecuteResult { OptType: OPT_LPUSH_LPOP_LPUSHX_LSET, Result: Ok(()), DB: 0 };elapsed: 304.367257ms
2022-08-17T15:55:13.180477+08:00 - ExecuteResult { OptType: OPT_LREM_LTRIM_LINSERT, Result: Ok(()), DB: 0 };elapsed: 457.399245ms
2022-08-17T15:55:13.833823+08:00 - ExecuteResult { OptType: OPT_RPUSH_RPUSHX_RPOP_RPOPLPUSH, Result: Ok(()), DB: 0 };elapsed: 653.217694ms
2022-08-17T15:55:14.413313+08:00 - ExecuteResult { OptType: OPT_BLPOP_BRPOP_BRPOPLPUSH, Result: Ok(()), DB: 0 };elapsed: 579.355057ms
2022-08-17T15:55:15.829085+08:00 - ExecuteResult { OptType: OPT_SADD_SMOVE_SPOP_SREM, Result: Err(An error was signalled by the server: wrong number of arguments for 'smove' command), DB: 0 };elapsed: 1.415594513s
2022-08-17T15:55:16.770592+08:00 - ExecuteResult { OptType: OPT_SDIFFSTORE_SINERTSTORE_SUNIONSTORE, Result: Ok(()), DB: 0 };elapsed: 941.341311ms
2022-08-17T15:55:18.401041+08:00 - ExecuteResult { OptType: OPT_ZADD_ZINCRBY_ZERM, Result: Ok(()), DB: 0 };elapsed: 1.630292645s
2022-08-17T15:55:19.125866+08:00 - ExecuteResult { OptType: OPT_ZPOPMAX_ZPOPMIN, Result: Err(An error was signalled by the server: unknown command `zpopmax`, with args beginning with: `zpopmax_zAl)`, `3`, ), DB: 0 };elapsed: 724.683385ms
2022-08-17T15:55:20.292178+08:00 - ExecuteResult { OptType: OPT_ZREMRANGEBYLEX_ZREMRANGEBYRANK_ZERMRANGEBYSCORE, Result: Ok(()), DB: 0 };elapsed: 1.166159748s
2022-08-17T15:55:21.485479+08:00 - ExecuteResult { OptType: OPT_ZUNIONSTORE_ZINTERSTORE, Result: Ok(()), DB: 0 };elapsed: 1.193152579s
2022-08-17T16:01:41.471490+08:00 - ExecuteResult { OptType: OPT_APPEND, Result: Ok(()), DB: 0 };elapsed: 700.947122ms
2022-08-17T16:01:42.143689+08:00 - ExecuteResult { OptType: OPT_BITOP, Result: Ok(()), DB: 0 };elapsed: 672.044847ms
2022-08-17T16:01:42.251469+08:00 - ExecuteResult { OptType: OPT_DECR_DECRBY, Result: Ok(()), DB: 0 };elapsed: 107.650719ms
2022-08-17T16:01:42.282253+08:00 - ExecuteResult { OptType: OPT_INCR_INCRBY_INCRBYFLOAT, Result: Err(An error was signalled by the server: syntax error), DB: 0 };elapsed: 30.665482ms
2022-08-17T16:01:42.320261+08:00 - ExecuteResult { OptType: OPT_MSET_MSETNX, Result: Err(An error was signalled by the server: wrong number of arguments for 'msetnx' command), DB: 0 };elapsed: 37.882718ms
2022-08-17T16:01:42.841439+08:00 - ExecuteResult { OptType: OPT_PFADD, Result: Ok(()), DB: 0 };elapsed: 521.046841ms
2022-08-17T16:01:43.582235+08:00 - ExecuteResult { OptType: OPT_PFMERGE, Result: Ok(()), DB: 0 };elapsed: 740.661094ms
2022-08-17T16:01:43.709136+08:00 - ExecuteResult { OptType: OPT_SET_SETNX, Result: Ok(()), DB: 0 };elapsed: 126.776709ms
2022-08-17T16:01:43.777359+08:00 - ExecuteResult { OptType: OPT_SETBIT, Result: Ok(()), DB: 0 };elapsed: 68.077834ms
2022-08-17T16:01:43.883409+08:00 - ExecuteResult { OptType: OPT_SETRANGE, Result: Ok(()), DB: 0 };elapsed: 105.902509ms
2022-08-17T16:01:44.597636+08:00 - ExecuteResult { OptType: OPT_HINCRBY_HINCRBYFLOAT, Result: Ok(()), DB: 0 };elapsed: 714.061985ms
2022-08-17T16:01:45.648530+08:00 - ExecuteResult { OptType: OPT_HSET_HMSET_HSETNX_HDEL, Result: Ok(()), DB: 0 };elapsed: 1.050737325s
2022-08-17T16:01:45.979517+08:00 - ExecuteResult { OptType: OPT_LPUSH_LPOP_LPUSHX_LSET, Result: Ok(()), DB: 0 };elapsed: 330.859772ms
2022-08-17T16:01:46.485915+08:00 - ExecuteResult { OptType: OPT_LREM_LTRIM_LINSERT, Result: Ok(()), DB: 0 };elapsed: 506.267374ms
2022-08-17T16:01:47.025042+08:00 - ExecuteResult { OptType: OPT_RPUSH_RPUSHX_RPOP_RPOPLPUSH, Result: Ok(()), DB: 0 };elapsed: 538.994685ms
2022-08-17T16:01:47.824485+08:00 - ExecuteResult { OptType: OPT_BLPOP_BRPOP_BRPOPLPUSH, Result: Ok(()), DB: 0 };elapsed: 799.290082ms
2022-08-17T16:01:49.222129+08:00 - ExecuteResult { OptType: OPT_SADD_SMOVE_SPOP_SREM, Result: Err(An error was signalled by the server: wrong number of arguments for 'smove' command), DB: 0 };elapsed: 1.397462812s
2022-08-17T16:01:50.168528+08:00 - ExecuteResult { OptType: OPT_SDIFFSTORE_SINERTSTORE_SUNIONSTORE, Result: Ok(()), DB: 0 };elapsed: 946.236371ms
2022-08-17T16:01:51.442373+08:00 - ExecuteResult { OptType: OPT_ZADD_ZINCRBY_ZERM, Result: Ok(()), DB: 0 };elapsed: 1.273658024s
2022-08-17T16:01:52.258118+08:00 - ExecuteResult { OptType: OPT_ZPOPMAX_ZPOPMIN, Result: Err(An error was signalled by the server: unknown command `zpopmax`, with args beginning with: `zpopmax_mg)R`, `0`, ), DB: 0 };elapsed: 815.580289ms
2022-08-17T16:01:53.575739+08:00 - ExecuteResult { OptType: OPT_ZREMRANGEBYLEX_ZREMRANGEBYRANK_ZERMRANGEBYSCORE, Result: Ok(()), DB: 0 };elapsed: 1.317461963s
2022-08-17T16:01:54.880468+08:00 - ExecuteResult { OptType: OPT_ZUNIONSTORE_ZINTERSTORE, Result: Ok(()), DB: 0 };elapsed: 1.304570347s
2022-08-17T16:08:38.918643+08:00 - ExecuteResult { OptType: OPT_APPEND, Result: Ok(()), DB: 0 };elapsed: 748.616212ms
2022-08-17T16:08:39.629073+08:00 - ExecuteResult { OptType: OPT_BITOP, Result: Ok(()), DB: 0 };elapsed: 709.409128ms
2022-08-17T16:08:39.739817+08:00 - ExecuteResult { OptType: OPT_DECR_DECRBY, Result: Ok(()), DB: 0 };elapsed: 110.631724ms
2022-08-17T16:08:39.773345+08:00 - ExecuteResult { OptType: OPT_INCR_INCRBY_INCRBYFLOAT, Result: Err(An error was signalled by the server: syntax error), DB: 0 };elapsed: 33.411333ms
2022-08-17T16:08:39.808452+08:00 - ExecuteResult { OptType: OPT_MSET_MSETNX, Result: Err(An error was signalled by the server: wrong number of arguments for 'msetnx' command), DB: 0 };elapsed: 34.964777ms
2022-08-17T16:08:40.234305+08:00 - ExecuteResult { OptType: OPT_PFADD, Result: Ok(()), DB: 0 };elapsed: 425.777548ms
2022-08-17T16:08:41.039694+08:00 - ExecuteResult { OptType: OPT_PFMERGE, Result: Ok(()), DB: 0 };elapsed: 805.351695ms
2022-08-17T16:08:41.197058+08:00 - ExecuteResult { OptType: OPT_SET_SETNX, Result: Ok(()), DB: 0 };elapsed: 157.226984ms
2022-08-17T16:08:41.275226+08:00 - ExecuteResult { OptType: OPT_SETBIT, Result: Ok(()), DB: 0 };elapsed: 78.060263ms
2022-08-17T16:08:41.376984+08:00 - ExecuteResult { OptType: OPT_SETRANGE, Result: Ok(()), DB: 0 };elapsed: 101.63327ms
2022-08-17T16:08:42.161544+08:00 - ExecuteResult { OptType: OPT_HINCRBY_HINCRBYFLOAT, Result: Ok(()), DB: 0 };elapsed: 784.502547ms
2022-08-17T16:08:43.264420+08:00 - ExecuteResult { OptType: OPT_HSET_HMSET_HSETNX_HDEL, Result: Ok(()), DB: 0 };elapsed: 1.102865248s
2022-08-17T16:08:43.687199+08:00 - ExecuteResult { OptType: OPT_LPUSH_LPOP_LPUSHX_LSET, Result: Ok(()), DB: 0 };elapsed: 422.681622ms
2022-08-17T16:08:44.257719+08:00 - ExecuteResult { OptType: OPT_LREM_LTRIM_LINSERT, Result: Ok(()), DB: 0 };elapsed: 570.433224ms
2022-08-17T16:08:44.683604+08:00 - ExecuteResult { OptType: OPT_RPUSH_RPUSHX_RPOP_RPOPLPUSH, Result: Ok(()), DB: 0 };elapsed: 425.792423ms
2022-08-17T16:08:45.281640+08:00 - ExecuteResult { OptType: OPT_BLPOP_BRPOP_BRPOPLPUSH, Result: Ok(()), DB: 0 };elapsed: 597.972098ms
2022-08-17T16:08:46.951784+08:00 - ExecuteResult { OptType: OPT_SADD_SMOVE_SPOP_SREM, Result: Err(An error was signalled by the server: wrong number of arguments for 'smove' command), DB: 0 };elapsed: 1.670147539s
2022-08-17T16:08:47.993523+08:00 - ExecuteResult { OptType: OPT_SDIFFSTORE_SINERTSTORE_SUNIONSTORE, Result: Ok(()), DB: 0 };elapsed: 1.041670923s
2022-08-17T16:08:49.578240+08:00 - ExecuteResult { OptType: OPT_ZADD_ZINCRBY_ZERM, Result: Ok(()), DB: 0 };elapsed: 1.584682848s
2022-08-17T16:08:50.481611+08:00 - ExecuteResult { OptType: OPT_ZPOPMAX_ZPOPMIN, Result: Err(An error was signalled by the server: unknown command `zpopmax`, with args beginning with: `zpopmax_kIgN`, `5`, ), DB: 0 };elapsed: 903.298715ms
2022-08-17T16:08:51.804337+08:00 - ExecuteResult { OptType: OPT_ZREMRANGEBYLEX_ZREMRANGEBYRANK_ZERMRANGEBYSCORE, Result: Ok(()), DB: 0 };elapsed: 1.322658917s
2022-08-17T16:08:53.080412+08:00 - ExecuteResult { OptType: OPT_ZUNIONSTORE_ZINTERSTORE, Result: Ok(()), DB: 0 };elapsed: 1.275962265s
2022-08-17T16:10:54.705520+08:00 - ExecuteResult { OptType: OPT_APPEND, Result: Ok(()), DB: 0 };elapsed: 743.618326ms
2022-08-17T16:10:55.346629+08:00 - ExecuteResult { OptType: OPT_BITOP, Result: Ok(()), DB: 0 };elapsed: 640.950347ms
2022-08-17T16:10:55.451473+08:00 - ExecuteResult { OptType: OPT_DECR_DECRBY, Result: Ok(()), DB: 0 };elapsed: 104.716192ms
2022-08-17T16:10:55.483856+08:00 - ExecuteResult { OptType: OPT_INCR_INCRBY_INCRBYFLOAT, Result: Err(An error was signalled by the server: syntax error), DB: 0 };elapsed: 32.244039ms
2022-08-17T16:10:55.520886+08:00 - ExecuteResult { OptType: OPT_MSET_MSETNX, Result: Err(An error was signalled by the server: wrong number of arguments for 'msetnx' command), DB: 0 };elapsed: 36.890714ms
2022-08-17T16:10:55.948457+08:00 - ExecuteResult { OptType: OPT_PFADD, Result: Ok(()), DB: 0 };elapsed: 427.418887ms
2022-08-17T16:10:56.706331+08:00 - ExecuteResult { OptType: OPT_PFMERGE, Result: Ok(()), DB: 0 };elapsed: 757.711165ms
2022-08-17T16:10:56.853753+08:00 - ExecuteResult { OptType: OPT_SET_SETNX, Result: Ok(()), DB: 0 };elapsed: 147.295818ms
2022-08-17T16:10:56.927272+08:00 - ExecuteResult { OptType: OPT_SETBIT, Result: Ok(()), DB: 0 };elapsed: 73.388939ms
2022-08-17T16:10:57.034944+08:00 - ExecuteResult { OptType: OPT_SETRANGE, Result: Ok(()), DB: 0 };elapsed: 107.540591ms
2022-08-17T16:10:57.717660+08:00 - ExecuteResult { OptType: OPT_HINCRBY_HINCRBYFLOAT, Result: Ok(()), DB: 0 };elapsed: 682.581153ms
2022-08-17T16:10:58.837356+08:00 - ExecuteResult { OptType: OPT_HSET_HMSET_HSETNX_HDEL, Result: Ok(()), DB: 0 };elapsed: 1.119521796s
2022-08-17T16:10:59.190015+08:00 - ExecuteResult { OptType: OPT_LPUSH_LPOP_LPUSHX_LSET, Result: Ok(()), DB: 0 };elapsed: 352.527181ms
2022-08-17T16:10:59.743904+08:00 - ExecuteResult { OptType: OPT_LREM_LTRIM_LINSERT, Result: Ok(()), DB: 0 };elapsed: 553.749584ms
2022-08-17T16:11:00.274046+08:00 - ExecuteResult { OptType: OPT_RPUSH_RPUSHX_RPOP_RPOPLPUSH, Result: Ok(()), DB: 0 };elapsed: 529.970359ms
2022-08-17T16:11:01.117140+08:00 - ExecuteResult { OptType: OPT_BLPOP_BRPOP_BRPOPLPUSH, Result: Ok(()), DB: 0 };elapsed: 842.94822ms
2022-08-17T16:11:02.728490+08:00 - ExecuteResult { OptType: OPT_SADD_SMOVE_SPOP_SREM, Result: Err(An error was signalled by the server: wrong number of arguments for 'smove' command), DB: 0 };elapsed: 1.611180016s
2022-08-17T16:11:03.729334+08:00 - ExecuteResult { OptType: OPT_SDIFFSTORE_SINERTSTORE_SUNIONSTORE, Result: Ok(()), DB: 0 };elapsed: 1.000697363s
2022-08-17T16:11:05.138720+08:00 - ExecuteResult { OptType: OPT_ZADD_ZINCRBY_ZERM, Result: Ok(()), DB: 0 };elapsed: 1.409228527s
2022-08-17T16:11:05.894008+08:00 - ExecuteResult { OptType: OPT_ZPOPMAX_ZPOPMIN, Result: Err(An error was signalled by the server: unknown command `zpopmax`, with args beginning with: `zpopmax_6LqL`, `0`, ), DB: 0 };elapsed: 755.13648ms
2022-08-17T16:11:07.235400+08:00 - ExecuteResult { OptType: OPT_ZREMRANGEBYLEX_ZREMRANGEBYRANK_ZERMRANGEBYSCORE, Result: Ok(()), DB: 0 };elapsed: 1.341219001s
2022-08-17T16:11:08.934776+08:00 - ExecuteResult { OptType: OPT_ZUNIONSTORE_ZINTERSTORE, Result: Ok(()), DB: 0 };elapsed: 1.699207679s
2022-08-17T16:13:53.249001+08:00 - ExecuteResult { OptType: OPT_APPEND, Result: Ok(()), DB: 0 };elapsed: 647.913902ms
2022-08-17T16:13:53.862826+08:00 - ExecuteResult { OptType: OPT_BITOP, Result: Ok(()), DB: 0 };elapsed: 612.973104ms
2022-08-17T16:13:53.965277+08:00 - ExecuteResult { OptType: OPT_DECR_DECRBY, Result: Ok(()), DB: 0 };elapsed: 102.281022ms
2022-08-17T16:14:34.884470+08:00 - ExecuteResult { OptType: OPT_APPEND, Result: Ok(()), DB: 0 };elapsed: 733.397892ms
2022-08-17T16:14:35.542259+08:00 - ExecuteResult { OptType: OPT_BITOP, Result: Ok(()), DB: 0 };elapsed: 657.632805ms
2022-08-17T16:14:35.645020+08:00 - ExecuteResult { OptType: OPT_DECR_DECRBY, Result: Ok(()), DB: 0 };elapsed: 102.625725ms
2022-08-17T16:15:42.922372+08:00 - ExecuteResult { OptType: OPT_APPEND, Result: Ok(()), DB: 0 };elapsed: 798.935711ms
2022-08-17T16:15:43.567851+08:00 - ExecuteResult { OptType: OPT_BITOP, Result: Ok(()), DB: 0 };elapsed: 644.522395ms
2022-08-17T16:15:43.689293+08:00 - ExecuteResult { OptType: OPT_DECR_DECRBY, Result: Ok(()), DB: 0 };elapsed: 121.309737ms
2022-08-17T16:17:10.480683+08:00 - ExecuteResult { OptType: OPT_APPEND, Result: Ok(()), DB: 0 };elapsed: 741.084966ms
2022-08-17T16:17:11.198051+08:00 - ExecuteResult { OptType: OPT_BITOP, Result: Ok(()), DB: 0 };elapsed: 716.089729ms
2022-08-17T16:17:11.315235+08:00 - ExecuteResult { OptType: OPT_DECR_DECRBY, Result: Ok(()), DB: 0 };elapsed: 117.050269ms
2022-08-17T16:17:11.519150+08:00 - ExecuteResult { OptType: OPT_INCR_INCRBY_INCRBYFLOAT, Result: Ok(()), DB: 0 };elapsed: 203.779602ms
2022-08-17T16:17:11.556015+08:00 - ExecuteResult { OptType: OPT_MSET_MSETNX, Result: Err(An error was signalled by the server: wrong number of arguments for 'msetnx' command), DB: 0 };elapsed: 36.738578ms
2022-08-17T16:17:12.100292+08:00 - ExecuteResult { OptType: OPT_PFADD, Result: Ok(()), DB: 0 };elapsed: 544.112783ms
2022-08-17T16:17:13.016183+08:00 - ExecuteResult { OptType: OPT_PFMERGE, Result: Ok(()), DB: 0 };elapsed: 915.761237ms
2022-08-17T16:17:13.192798+08:00 - ExecuteResult { OptType: OPT_SET_SETNX, Result: Ok(()), DB: 0 };elapsed: 176.502713ms
2022-08-17T16:17:13.280695+08:00 - ExecuteResult { OptType: OPT_SETBIT, Result: Ok(()), DB: 0 };elapsed: 87.778051ms
2022-08-17T16:17:13.416968+08:00 - ExecuteResult { OptType: OPT_SETRANGE, Result: Ok(()), DB: 0 };elapsed: 136.152427ms
2022-08-17T16:17:14.253717+08:00 - ExecuteResult { OptType: OPT_HINCRBY_HINCRBYFLOAT, Result: Ok(()), DB: 0 };elapsed: 836.618813ms
2022-08-17T16:17:15.253240+08:00 - ExecuteResult { OptType: OPT_HSET_HMSET_HSETNX_HDEL, Result: Ok(()), DB: 0 };elapsed: 999.386178ms
2022-08-17T16:17:15.399365+08:00 - ExecuteResult { OptType: OPT_LPUSH_LPOP_LPUSHX_LSET, Result: Ok(()), DB: 0 };elapsed: 145.999479ms
2022-08-17T16:17:15.919371+08:00 - ExecuteResult { OptType: OPT_LREM_LTRIM_LINSERT, Result: Ok(()), DB: 0 };elapsed: 519.87251ms
2022-08-17T16:17:16.444915+08:00 - ExecuteResult { OptType: OPT_RPUSH_RPUSHX_RPOP_RPOPLPUSH, Result: Ok(()), DB: 0 };elapsed: 525.426491ms
2022-08-17T16:17:17.080685+08:00 - ExecuteResult { OptType: OPT_BLPOP_BRPOP_BRPOPLPUSH, Result: Ok(()), DB: 0 };elapsed: 635.641886ms
2022-08-17T16:17:18.538731+08:00 - ExecuteResult { OptType: OPT_SADD_SMOVE_SPOP_SREM, Result: Err(An error was signalled by the server: wrong number of arguments for 'smove' command), DB: 0 };elapsed: 1.457883801s
2022-08-17T16:17:19.530172+08:00 - ExecuteResult { OptType: OPT_SDIFFSTORE_SINERTSTORE_SUNIONSTORE, Result: Ok(()), DB: 0 };elapsed: 991.268955ms
2022-08-17T16:17:21.037498+08:00 - ExecuteResult { OptType: OPT_ZADD_ZINCRBY_ZERM, Result: Ok(()), DB: 0 };elapsed: 1.50713915s
2022-08-17T16:17:22.086235+08:00 - ExecuteResult { OptType: OPT_ZPOPMAX_ZPOPMIN, Result: Err(An error was signalled by the server: unknown command `zpopmax`, with args beginning with: `zpopmax_hHDI`, `4`, ), DB: 0 };elapsed: 1.048553847s
2022-08-17T16:17:23.554405+08:00 - ExecuteResult { OptType: OPT_ZREMRANGEBYLEX_ZREMRANGEBYRANK_ZERMRANGEBYSCORE, Result: Ok(()), DB: 0 };elapsed: 1.467965848s
2022-08-17T16:17:25.084112+08:00 - ExecuteResult { OptType: OPT_ZUNIONSTORE_ZINTERSTORE, Result: Ok(()), DB: 0 };elapsed: 1.529508448s
